<?xml version="1.0" encoding="utf-8"?>
<CoverageSession>
  <Summary numSequencePoints="1964" visitedSequencePoints="799" numBranchPoints="380" visitedBranchPoints="94" sequenceCoverage="40.68" branchCoverage="24.73" maxCyclomaticComplexity="444" minCyclomaticComplexity="207" visitedClasses="89" numClasses="163" visitedMethods="197" numMethods="335" />
  <Modules>
    <Module hash="9BCB736E-EE9A-4DB6-BD34-6448359431DC">
      <ModulePath>Staffinfo.Divers.dll</ModulePath>
      <ModuleTime>2020-09-22T03:45:20</ModuleTime>
      <ModuleName>Staffinfo.Divers</ModuleName>
      <Files>
        <File uid="1" fullPath="c:\Programming\IBA\ASP.NET-Divers\src\Controllers\DashboardController.cs" />
        <File uid="2" fullPath="c:\Programming\IBA\ASP.NET-Divers\src\Controllers\DiversController.cs" />
        <File uid="3" fullPath="c:\Programming\IBA\ASP.NET-Divers\src\Controllers\LoginController.cs" />
        <File uid="4" fullPath="c:\Programming\IBA\ASP.NET-Divers\src\Controllers\StationsController.cs" />
        <File uid="5" fullPath="c:\Programming\IBA\ASP.NET-Divers\src\Program.cs" />
        <File uid="6" fullPath="c:\Programming\IBA\ASP.NET-Divers\src\Startup.cs" />
        <File uid="7" fullPath="c:\Programming\IBA\ASP.NET-Divers\src\Models\AverageStationDivingTimeModel.cs" />
        <File uid="8" fullPath="c:\Programming\IBA\ASP.NET-Divers\src\Models\Diver.cs" />
        <File uid="9" fullPath="c:\Programming\IBA\ASP.NET-Divers\src\Models\DiversOptions.cs" />
        <File uid="10" fullPath="c:\Programming\IBA\ASP.NET-Divers\src\Models\DivingTime.cs" />
        <File uid="11" fullPath="c:\Programming\IBA\ASP.NET-Divers\src\Models\EditDiverModel.cs" />
        <File uid="12" fullPath="c:\Programming\IBA\ASP.NET-Divers\src\Models\EditRescueStationModel.cs" />
        <File uid="13" fullPath="c:\Programming\IBA\ASP.NET-Divers\src\Models\EditUserModel.cs" />
        <File uid="14" fullPath="c:\Programming\IBA\ASP.NET-Divers\src\Models\ErrorResponse.cs" />
        <File uid="15" fullPath="c:\Programming\IBA\ASP.NET-Divers\src\Models\ErrorViewModel.cs" />
        <File uid="16" fullPath="c:\Programming\IBA\ASP.NET-Divers\src\Models\FilterOptions.cs" />
        <File uid="17" fullPath="c:\Programming\IBA\ASP.NET-Divers\src\Models\LoginModel.cs" />
        <File uid="18" fullPath="c:\Programming\IBA\ASP.NET-Divers\src\Models\LoginResult.cs" />
        <File uid="19" fullPath="c:\Programming\IBA\ASP.NET-Divers\src\Models\MinStationModel.cs" />
        <File uid="20" fullPath="c:\Programming\IBA\ASP.NET-Divers\src\Models\RefreshTokenModel.cs" />
        <File uid="21" fullPath="c:\Programming\IBA\ASP.NET-Divers\src\Models\RegisterModel.cs" />
        <File uid="22" fullPath="c:\Programming\IBA\ASP.NET-Divers\src\Models\RescueStation.cs" />
        <File uid="23" fullPath="c:\Programming\IBA\ASP.NET-Divers\src\Models\Settings.cs" />
        <File uid="24" fullPath="c:\Programming\IBA\ASP.NET-Divers\src\Models\StationDivingTimeModel.cs" />
        <File uid="25" fullPath="c:\Programming\IBA\ASP.NET-Divers\src\Models\User.cs" />
        <File uid="26" fullPath="c:\Programming\IBA\ASP.NET-Divers\src\Models\UserIdentity.cs" />
        <File uid="27" fullPath="c:\Programming\IBA\ASP.NET-Divers\src\Infrastructure\Exceptions\NotFoundException.cs" />
        <File uid="28" fullPath="c:\Programming\IBA\ASP.NET-Divers\src\Infrastructure\Exceptions\UnauthorizedException.cs" />
        <File uid="29" fullPath="c:\Programming\IBA\ASP.NET-Divers\src\Infrastructure\Middleware\JwtMiddleware.cs" />
        <File uid="30" fullPath="c:\Programming\IBA\ASP.NET-Divers\src\Infrastructure\Mapping\MappingProfile.cs" />
        <File uid="31" fullPath="c:\Programming\IBA\ASP.NET-Divers\src\Infrastructure\Attributes\JwtAuthorize.cs" />
        <File uid="32" fullPath="c:\Programming\IBA\ASP.NET-Divers\src\Data\Services\AccountService.cs" />
        <File uid="33" fullPath="c:\Programming\IBA\ASP.NET-Divers\src\Data\Services\DiverService.cs" />
        <File uid="34" fullPath="c:\Programming\IBA\ASP.NET-Divers\src\Data\Services\RescueStationService.cs" />
        <File uid="35" fullPath="c:\Programming\IBA\ASP.NET-Divers\src\Data\Services\UserService.cs" />
        <File uid="36" fullPath="c:\Programming\IBA\ASP.NET-Divers\src\Services\UserManager.cs" />
        <File uid="37" fullPath="c:\Programming\IBA\ASP.NET-Divers\src\Data\Repositories\DapperRepository.cs" />
        <File uid="38" fullPath="c:\Programming\IBA\ASP.NET-Divers\src\Data\Repositories\DiverRepository.cs" />
        <File uid="39" fullPath="c:\Programming\IBA\ASP.NET-Divers\src\Data\Repositories\DivingTimeRepository.cs" />
        <File uid="40" fullPath="c:\Programming\IBA\ASP.NET-Divers\src\Data\Repositories\RescueStationRepository.cs" />
        <File uid="41" fullPath="c:\Programming\IBA\ASP.NET-Divers\src\Data\Repositories\UserRepository.cs" />
        <File uid="42" fullPath="c:\Programming\IBA\ASP.NET-Divers\src\Data\Poco\DiverPoco.cs" />
        <File uid="43" fullPath="c:\Programming\IBA\ASP.NET-Divers\src\Data\Poco\DivingTimePoco.cs" />
        <File uid="44" fullPath="c:\Programming\IBA\ASP.NET-Divers\src\Data\Poco\RescueStationPoco.cs" />
        <File uid="45" fullPath="c:\Programming\IBA\ASP.NET-Divers\src\Data\Poco\UserPoco.cs" />
        <File uid="46" fullPath="c:\Programming\IBA\ASP.NET-Divers\src\Controllers\AccountController.cs" />
        <File uid="47" fullPath="c:\Programming\IBA\ASP.NET-Divers\src\Controllers\DiverController.cs" />
        <File uid="48" fullPath="c:\Programming\IBA\ASP.NET-Divers\src\Controllers\HomeController.cs" />
        <File uid="49" fullPath="c:\Programming\IBA\ASP.NET-Divers\src\Controllers\UserController.cs" />
      </Files>
      <Classes>
        <Class>
          <Summary numSequencePoints="5" visitedSequencePoints="5" numBranchPoints="0" visitedBranchPoints="0" sequenceCoverage="100" branchCoverage="100" maxCyclomaticComplexity="1" minCyclomaticComplexity="1" visitedClasses="1" numClasses="1" visitedMethods="1" numMethods="1" />
          <FullName>staffinfo.divers.Controllers.DashboardController</FullName>
          <Methods>
            <Method cyclomaticComplexity="1" nPathComplexity="0" sequenceCoverage="100" branchCoverage="100" isConstructor="True" isGetter="False" isSetter="False" isStatic="True">
              <Summary numSequencePoints="5" visitedSequencePoints="5" numBranchPoints="0" visitedBranchPoints="0" sequenceCoverage="100" branchCoverage="100" maxCyclomaticComplexity="1" minCyclomaticComplexity="1" visitedClasses="0" numClasses="0" visitedMethods="1" numMethods="1" />
              <MetadataToken />
              <Name>System.Void staffinfo.divers.Controllers.DashboardController::.ctor(Staffinfo.Divers.Services.Contracts.IDiverService,Staffinfo.Divers.Services.Contracts.IRescueStationService)</Name>
              <FileRef uid="1" />
              <SequencePoints>
                <SequencePoint vc="2" uspid="15" ordinal="0" sl="15" sc="1" el="15" ec="2" bec="0" bev="0" fileid="1" />
                <SequencePoint vc="2" uspid="16" ordinal="1" sl="16" sc="1" el="16" ec="2" bec="0" bev="0" fileid="1" />
                <SequencePoint vc="2" uspid="17" ordinal="2" sl="17" sc="1" el="17" ec="2" bec="0" bev="0" fileid="1" />
                <SequencePoint vc="2" uspid="18" ordinal="3" sl="18" sc="1" el="18" ec="2" bec="0" bev="0" fileid="1" />
                <SequencePoint vc="2" uspid="19" ordinal="4" sl="19" sc="1" el="19" ec="2" bec="0" bev="0" fileid="1" />
              </SequencePoints>
              <BranchPoints />
              <MethodPoint vc="5" uspid="0" p8:type="SequencePoint" ordinal="0" offset="0" sc="0" sl="15" ec="1" el="19" bec="0" bev="0" fileid="1" xmlns:p8="xsi" />
            </Method>
          </Methods>
        </Class>
        <Class>
          <Summary numSequencePoints="6" visitedSequencePoints="1" numBranchPoints="10" visitedBranchPoints="10" sequenceCoverage="16.66" branchCoverage="100" maxCyclomaticComplexity="2" minCyclomaticComplexity="1" visitedClasses="1" numClasses="1" visitedMethods="1" numMethods="6" />
          <FullName>staffinfo.divers.Controllers.DashboardController/&lt;&gt;c</FullName>
          <Methods>
            <Method cyclomaticComplexity="2" nPathComplexity="0" sequenceCoverage="0" branchCoverage="100" isConstructor="False" isGetter="False" isSetter="False" isStatic="True">
              <Summary numSequencePoints="1" visitedSequencePoints="0" numBranchPoints="2" visitedBranchPoints="2" sequenceCoverage="0" branchCoverage="100" maxCyclomaticComplexity="2" minCyclomaticComplexity="2" visitedClasses="0" numClasses="0" visitedMethods="0" numMethods="1" />
              <MetadataToken />
              <Name>System.Int32 staffinfo.divers.Controllers.DashboardController/&lt;&gt;c::&lt;Index&gt;b__3_0(Staffinfo.Divers.Models.MinStationModel)</Name>
              <FileRef uid="1" />
              <SequencePoints>
                <SequencePoint vc="0" uspid="27" ordinal="0" sl="27" sc="1" el="27" ec="2" bec="2" bev="2" fileid="1" />
              </SequencePoints>
              <BranchPoints>
                <BranchPoint vc="1" uspid="27" ordinal="1" path="1" offset="132" offsetend="136" sl="27" fileid="1" />
                <BranchPoint vc="1" uspid="27" ordinal="0" path="0" offset="132" offsetend="193" sl="27" fileid="1" />
              </BranchPoints>
              <MethodPoint vc="0" uspid="0" p8:type="SequencePoint" ordinal="0" offset="0" sc="0" sl="27" ec="1" el="27" bec="0" bev="0" fileid="1" xmlns:p8="xsi" />
            </Method>
            <Method cyclomaticComplexity="2" nPathComplexity="0" sequenceCoverage="0" branchCoverage="100" isConstructor="False" isGetter="False" isSetter="False" isStatic="True">
              <Summary numSequencePoints="1" visitedSequencePoints="0" numBranchPoints="2" visitedBranchPoints="2" sequenceCoverage="0" branchCoverage="100" maxCyclomaticComplexity="2" minCyclomaticComplexity="2" visitedClasses="0" numClasses="0" visitedMethods="0" numMethods="1" />
              <MetadataToken />
              <Name>System.Int32 staffinfo.divers.Controllers.DashboardController/&lt;&gt;c::&lt;Index&gt;b__3_2(Staffinfo.Divers.Models.MinStationModel)</Name>
              <FileRef uid="1" />
              <SequencePoints>
                <SequencePoint vc="0" uspid="28" ordinal="0" sl="28" sc="1" el="28" ec="2" bec="2" bev="2" fileid="1" />
              </SequencePoints>
              <BranchPoints>
                <BranchPoint vc="1" uspid="28" ordinal="3" path="1" offset="480" offsetend="484" sl="28" fileid="1" />
                <BranchPoint vc="1" uspid="28" ordinal="2" path="0" offset="480" offsetend="541" sl="28" fileid="1" />
              </BranchPoints>
              <MethodPoint vc="0" uspid="0" p8:type="SequencePoint" ordinal="1" offset="1" sc="0" sl="28" ec="1" el="28" bec="0" bev="0" fileid="1" xmlns:p8="xsi" />
            </Method>
            <Method cyclomaticComplexity="2" nPathComplexity="0" sequenceCoverage="0" branchCoverage="100" isConstructor="False" isGetter="False" isSetter="False" isStatic="True">
              <Summary numSequencePoints="1" visitedSequencePoints="0" numBranchPoints="2" visitedBranchPoints="2" sequenceCoverage="0" branchCoverage="100" maxCyclomaticComplexity="2" minCyclomaticComplexity="2" visitedClasses="0" numClasses="0" visitedMethods="0" numMethods="1" />
              <MetadataToken />
              <Name>System.String staffinfo.divers.Controllers.DashboardController/&lt;&gt;c::&lt;Index&gt;b__3_4(Staffinfo.Divers.Models.StationDivingTimeModel)</Name>
              <FileRef uid="1" />
              <SequencePoints>
                <SequencePoint vc="0" uspid="29" ordinal="0" sl="29" sc="1" el="29" ec="2" bec="2" bev="2" fileid="1" />
              </SequencePoints>
              <BranchPoints>
                <BranchPoint vc="1" uspid="29" ordinal="5" path="1" offset="831" offsetend="835" sl="29" fileid="1" />
                <BranchPoint vc="1" uspid="29" ordinal="4" path="0" offset="831" offsetend="892" sl="29" fileid="1" />
              </BranchPoints>
              <MethodPoint vc="0" uspid="0" p8:type="SequencePoint" ordinal="2" offset="2" sc="0" sl="29" ec="1" el="29" bec="0" bev="0" fileid="1" xmlns:p8="xsi" />
            </Method>
            <Method cyclomaticComplexity="2" nPathComplexity="0" sequenceCoverage="0" branchCoverage="100" isConstructor="False" isGetter="False" isSetter="False" isStatic="True">
              <Summary numSequencePoints="1" visitedSequencePoints="0" numBranchPoints="2" visitedBranchPoints="2" sequenceCoverage="0" branchCoverage="100" maxCyclomaticComplexity="2" minCyclomaticComplexity="2" visitedClasses="0" numClasses="0" visitedMethods="0" numMethods="1" />
              <MetadataToken />
              <Name>System.Int32 staffinfo.divers.Controllers.DashboardController/&lt;&gt;c::&lt;Index&gt;b__3_5(Staffinfo.Divers.Models.StationDivingTimeModel)</Name>
              <FileRef uid="1" />
              <SequencePoints>
                <SequencePoint vc="0" uspid="30" ordinal="0" sl="30" sc="1" el="30" ec="2" bec="2" bev="2" fileid="1" />
              </SequencePoints>
              <BranchPoints>
                <BranchPoint vc="1" uspid="30" ordinal="7" path="1" offset="1139" offsetend="1143" sl="30" fileid="1" />
                <BranchPoint vc="1" uspid="30" ordinal="6" path="0" offset="1139" offsetend="1200" sl="30" fileid="1" />
              </BranchPoints>
              <MethodPoint vc="0" uspid="0" p8:type="SequencePoint" ordinal="3" offset="3" sc="0" sl="30" ec="1" el="30" bec="0" bev="0" fileid="1" xmlns:p8="xsi" />
            </Method>
            <Method cyclomaticComplexity="2" nPathComplexity="0" sequenceCoverage="0" branchCoverage="100" isConstructor="False" isGetter="False" isSetter="False" isStatic="True">
              <Summary numSequencePoints="1" visitedSequencePoints="0" numBranchPoints="2" visitedBranchPoints="2" sequenceCoverage="0" branchCoverage="100" maxCyclomaticComplexity="2" minCyclomaticComplexity="2" visitedClasses="0" numClasses="0" visitedMethods="0" numMethods="1" />
              <MetadataToken />
              <Name>System.Double staffinfo.divers.Controllers.DashboardController/&lt;&gt;c::&lt;Index&gt;b__3_6(Staffinfo.Divers.Models.AverageStationDivingTimeModel)</Name>
              <FileRef uid="1" />
              <SequencePoints>
                <SequencePoint vc="0" uspid="31" ordinal="0" sl="31" sc="1" el="31" ec="2" bec="2" bev="2" fileid="1" />
              </SequencePoints>
              <BranchPoints>
                <BranchPoint vc="1" uspid="31" ordinal="9" path="1" offset="1447" offsetend="1451" sl="31" fileid="1" />
                <BranchPoint vc="1" uspid="31" ordinal="8" path="0" offset="1447" offsetend="1508" sl="31" fileid="1" />
              </BranchPoints>
              <MethodPoint vc="0" uspid="0" p8:type="SequencePoint" ordinal="4" offset="4" sc="0" sl="31" ec="1" el="31" bec="0" bev="0" fileid="1" xmlns:p8="xsi" />
            </Method>
            <Method cyclomaticComplexity="1" nPathComplexity="0" sequenceCoverage="100" branchCoverage="100" isConstructor="False" isGetter="False" isSetter="False" isStatic="True">
              <Summary numSequencePoints="1" visitedSequencePoints="1" numBranchPoints="0" visitedBranchPoints="0" sequenceCoverage="100" branchCoverage="100" maxCyclomaticComplexity="1" minCyclomaticComplexity="1" visitedClasses="0" numClasses="0" visitedMethods="1" numMethods="1" />
              <MetadataToken />
              <Name>System.Int32 staffinfo.divers.Controllers.DashboardController/&lt;&gt;c::&lt;RedirectToDivers&gt;b__4_0(Staffinfo.Divers.Models.MinStationModel)</Name>
              <FileRef uid="1" />
              <SequencePoints>
                <SequencePoint vc="2" uspid="39" ordinal="0" sl="39" sc="1" el="39" ec="2" bec="0" bev="0" fileid="1" />
              </SequencePoints>
              <BranchPoints />
              <MethodPoint vc="1" uspid="0" p8:type="SequencePoint" ordinal="5" offset="5" sc="0" sl="39" ec="1" el="39" bec="0" bev="0" fileid="1" xmlns:p8="xsi" />
            </Method>
          </Methods>
        </Class>
        <Class>
          <Summary numSequencePoints="3" visitedSequencePoints="3" numBranchPoints="0" visitedBranchPoints="0" sequenceCoverage="100" branchCoverage="100" maxCyclomaticComplexity="1" minCyclomaticComplexity="1" visitedClasses="1" numClasses="1" visitedMethods="1" numMethods="1" />
          <FullName>staffinfo.divers.Controllers.DashboardController/&lt;RedirectToDivers&gt;d__4</FullName>
          <Methods>
            <Method cyclomaticComplexity="1" nPathComplexity="0" sequenceCoverage="100" branchCoverage="100" isConstructor="False" isGetter="False" isSetter="False" isStatic="True">
              <Summary numSequencePoints="3" visitedSequencePoints="3" numBranchPoints="0" visitedBranchPoints="0" sequenceCoverage="100" branchCoverage="100" maxCyclomaticComplexity="1" minCyclomaticComplexity="1" visitedClasses="0" numClasses="0" visitedMethods="1" numMethods="1" />
              <MetadataToken />
              <Name>System.Void staffinfo.divers.Controllers.DashboardController/&lt;RedirectToDivers&gt;d__4::MoveNext()</Name>
              <FileRef uid="1" />
              <SequencePoints>
                <SequencePoint vc="1" uspid="38" ordinal="0" sl="38" sc="1" el="38" ec="2" bec="0" bev="0" fileid="1" />
                <SequencePoint vc="1" uspid="41" ordinal="1" sl="41" sc="1" el="41" ec="2" bec="0" bev="0" fileid="1" />
                <SequencePoint vc="1" uspid="42" ordinal="2" sl="42" sc="1" el="42" ec="2" bec="0" bev="0" fileid="1" />
              </SequencePoints>
              <BranchPoints />
              <MethodPoint vc="3" uspid="0" p8:type="SequencePoint" ordinal="0" offset="0" sc="0" sl="38" ec="1" el="42" bec="0" bev="0" fileid="1" xmlns:p8="xsi" />
            </Method>
          </Methods>
        </Class>
        <Class>
          <Summary numSequencePoints="15" visitedSequencePoints="15" numBranchPoints="0" visitedBranchPoints="0" sequenceCoverage="100" branchCoverage="100" maxCyclomaticComplexity="1" minCyclomaticComplexity="1" visitedClasses="1" numClasses="1" visitedMethods="3" numMethods="3" />
          <FullName>staffinfo.divers.Controllers.DiversController</FullName>
          <Methods>
            <Method cyclomaticComplexity="1" nPathComplexity="0" sequenceCoverage="100" branchCoverage="100" isConstructor="False" isGetter="False" isSetter="False" isStatic="True">
              <Summary numSequencePoints="3" visitedSequencePoints="3" numBranchPoints="0" visitedBranchPoints="0" sequenceCoverage="100" branchCoverage="100" maxCyclomaticComplexity="1" minCyclomaticComplexity="1" visitedClasses="0" numClasses="0" visitedMethods="1" numMethods="1" />
              <MetadataToken />
              <Name>Microsoft.AspNetCore.Mvc.IActionResult staffinfo.divers.Controllers.DiversController::Index(System.Nullable`1&lt;System.Int32&gt;)</Name>
              <FileRef uid="2" />
              <SequencePoints>
                <SequencePoint vc="2" uspid="30" ordinal="0" sl="30" sc="1" el="30" ec="2" bec="0" bev="0" fileid="2" />
                <SequencePoint vc="2" uspid="31" ordinal="1" sl="31" sc="1" el="31" ec="2" bec="0" bev="0" fileid="2" />
                <SequencePoint vc="2" uspid="32" ordinal="2" sl="32" sc="1" el="32" ec="2" bec="0" bev="0" fileid="2" />
              </SequencePoints>
              <BranchPoints />
              <MethodPoint vc="3" uspid="0" p8:type="SequencePoint" ordinal="0" offset="0" sc="0" sl="30" ec="1" el="32" bec="0" bev="0" fileid="2" xmlns:p8="xsi" />
            </Method>
            <Method cyclomaticComplexity="1" nPathComplexity="0" sequenceCoverage="100" branchCoverage="100" isConstructor="False" isGetter="False" isSetter="False" isStatic="True">
              <Summary numSequencePoints="5" visitedSequencePoints="5" numBranchPoints="0" visitedBranchPoints="0" sequenceCoverage="100" branchCoverage="100" maxCyclomaticComplexity="1" minCyclomaticComplexity="1" visitedClasses="0" numClasses="0" visitedMethods="1" numMethods="1" />
              <MetadataToken />
              <Name>Microsoft.AspNetCore.Mvc.IActionResult staffinfo.divers.Controllers.DiversController::New()</Name>
              <FileRef uid="2" />
              <SequencePoints>
                <SequencePoint vc="1" uspid="54" ordinal="0" sl="54" sc="1" el="54" ec="2" bec="0" bev="0" fileid="2" />
                <SequencePoint vc="1" uspid="55" ordinal="1" sl="55" sc="1" el="55" ec="2" bec="0" bev="0" fileid="2" />
                <SequencePoint vc="1" uspid="56" ordinal="2" sl="56" sc="1" el="56" ec="2" bec="0" bev="0" fileid="2" />
                <SequencePoint vc="1" uspid="58" ordinal="3" sl="58" sc="1" el="58" ec="2" bec="0" bev="0" fileid="2" />
                <SequencePoint vc="1" uspid="59" ordinal="4" sl="59" sc="1" el="59" ec="2" bec="0" bev="0" fileid="2" />
              </SequencePoints>
              <BranchPoints />
              <MethodPoint vc="5" uspid="0" p8:type="SequencePoint" ordinal="1" offset="1" sc="0" sl="54" ec="1" el="59" bec="0" bev="0" fileid="2" xmlns:p8="xsi" />
            </Method>
            <Method cyclomaticComplexity="1" nPathComplexity="0" sequenceCoverage="100" branchCoverage="100" isConstructor="True" isGetter="False" isSetter="False" isStatic="True">
              <Summary numSequencePoints="7" visitedSequencePoints="7" numBranchPoints="0" visitedBranchPoints="0" sequenceCoverage="100" branchCoverage="100" maxCyclomaticComplexity="1" minCyclomaticComplexity="1" visitedClasses="0" numClasses="0" visitedMethods="1" numMethods="1" />
              <MetadataToken />
              <Name>System.Void staffinfo.divers.Controllers.DiversController::.ctor(Staffinfo.Divers.Data.Repositories.Contracts.IDivingTimeRepository,Staffinfo.Divers.Services.Contracts.IRescueStationService,Staffinfo.Divers.Services.Contracts.IDiverService,AutoMapper.IMapper)</Name>
              <FileRef uid="2" />
              <SequencePoints>
                <SequencePoint vc="23" uspid="21" ordinal="0" sl="21" sc="1" el="21" ec="2" bec="0" bev="0" fileid="2" />
                <SequencePoint vc="23" uspid="22" ordinal="1" sl="22" sc="1" el="22" ec="2" bec="0" bev="0" fileid="2" />
                <SequencePoint vc="23" uspid="23" ordinal="2" sl="23" sc="1" el="23" ec="2" bec="0" bev="0" fileid="2" />
                <SequencePoint vc="23" uspid="24" ordinal="3" sl="24" sc="1" el="24" ec="2" bec="0" bev="0" fileid="2" />
                <SequencePoint vc="23" uspid="25" ordinal="4" sl="25" sc="1" el="25" ec="2" bec="0" bev="0" fileid="2" />
                <SequencePoint vc="23" uspid="26" ordinal="5" sl="26" sc="1" el="26" ec="2" bec="0" bev="0" fileid="2" />
                <SequencePoint vc="23" uspid="27" ordinal="6" sl="27" sc="1" el="27" ec="2" bec="0" bev="0" fileid="2" />
              </SequencePoints>
              <BranchPoints />
              <MethodPoint vc="7" uspid="0" p8:type="SequencePoint" ordinal="2" offset="2" sc="0" sl="21" ec="1" el="27" bec="0" bev="0" fileid="2" xmlns:p8="xsi" />
            </Method>
          </Methods>
        </Class>
        <Class>
          <Summary numSequencePoints="8" visitedSequencePoints="8" numBranchPoints="0" visitedBranchPoints="0" sequenceCoverage="100" branchCoverage="100" maxCyclomaticComplexity="1" minCyclomaticComplexity="1" visitedClasses="1" numClasses="1" visitedMethods="1" numMethods="1" />
          <FullName>staffinfo.divers.Controllers.DiversController/&lt;Edit&gt;d__6</FullName>
          <Methods>
            <Method cyclomaticComplexity="1" nPathComplexity="0" sequenceCoverage="100" branchCoverage="100" isConstructor="False" isGetter="False" isSetter="False" isStatic="True">
              <Summary numSequencePoints="8" visitedSequencePoints="8" numBranchPoints="0" visitedBranchPoints="0" sequenceCoverage="100" branchCoverage="100" maxCyclomaticComplexity="1" minCyclomaticComplexity="1" visitedClasses="0" numClasses="0" visitedMethods="1" numMethods="1" />
              <MetadataToken />
              <Name>System.Void staffinfo.divers.Controllers.DiversController/&lt;Edit&gt;d__6::MoveNext()</Name>
              <FileRef uid="2" />
              <SequencePoints>
                <SequencePoint vc="2" uspid="35" ordinal="0" sl="35" sc="1" el="35" ec="2" bec="0" bev="0" fileid="2" />
                <SequencePoint vc="2" uspid="36" ordinal="1" sl="36" sc="1" el="36" ec="2" bec="0" bev="0" fileid="2" />
                <SequencePoint vc="1" uspid="37" ordinal="2" sl="37" sc="1" el="37" ec="2" bec="0" bev="0" fileid="2" />
                <SequencePoint vc="1" uspid="38" ordinal="3" sl="38" sc="1" el="38" ec="2" bec="0" bev="0" fileid="2" />
                <SequencePoint vc="1" uspid="40" ordinal="4" sl="40" sc="1" el="40" ec="2" bec="0" bev="0" fileid="2" />
                <SequencePoint vc="1" uspid="41" ordinal="5" sl="41" sc="1" el="41" ec="2" bec="0" bev="0" fileid="2" />
                <SequencePoint vc="1" uspid="43" ordinal="6" sl="43" sc="1" el="43" ec="2" bec="0" bev="0" fileid="2" />
                <SequencePoint vc="1" uspid="44" ordinal="7" sl="44" sc="1" el="44" ec="2" bec="0" bev="0" fileid="2" />
              </SequencePoints>
              <BranchPoints />
              <MethodPoint vc="8" uspid="0" p8:type="SequencePoint" ordinal="0" offset="0" sc="0" sl="35" ec="1" el="44" bec="0" bev="0" fileid="2" xmlns:p8="xsi" />
            </Method>
          </Methods>
        </Class>
        <Class>
          <Summary numSequencePoints="4" visitedSequencePoints="4" numBranchPoints="0" visitedBranchPoints="0" sequenceCoverage="100" branchCoverage="100" maxCyclomaticComplexity="1" minCyclomaticComplexity="1" visitedClasses="1" numClasses="1" visitedMethods="1" numMethods="1" />
          <FullName>staffinfo.divers.Controllers.DiversController/&lt;Details&gt;d__7</FullName>
          <Methods>
            <Method cyclomaticComplexity="1" nPathComplexity="0" sequenceCoverage="100" branchCoverage="100" isConstructor="False" isGetter="False" isSetter="False" isStatic="True">
              <Summary numSequencePoints="4" visitedSequencePoints="4" numBranchPoints="0" visitedBranchPoints="0" sequenceCoverage="100" branchCoverage="100" maxCyclomaticComplexity="1" minCyclomaticComplexity="1" visitedClasses="0" numClasses="0" visitedMethods="1" numMethods="1" />
              <MetadataToken />
              <Name>System.Void staffinfo.divers.Controllers.DiversController/&lt;Details&gt;d__7::MoveNext()</Name>
              <FileRef uid="2" />
              <SequencePoints>
                <SequencePoint vc="2" uspid="47" ordinal="0" sl="47" sc="1" el="47" ec="2" bec="0" bev="0" fileid="2" />
                <SequencePoint vc="2" uspid="48" ordinal="1" sl="48" sc="1" el="48" ec="2" bec="0" bev="0" fileid="2" />
                <SequencePoint vc="1" uspid="50" ordinal="2" sl="50" sc="1" el="50" ec="2" bec="0" bev="0" fileid="2" />
                <SequencePoint vc="1" uspid="51" ordinal="3" sl="51" sc="1" el="51" ec="2" bec="0" bev="0" fileid="2" />
              </SequencePoints>
              <BranchPoints />
              <MethodPoint vc="4" uspid="0" p8:type="SequencePoint" ordinal="0" offset="0" sc="0" sl="47" ec="1" el="51" bec="0" bev="0" fileid="2" xmlns:p8="xsi" />
            </Method>
          </Methods>
        </Class>
        <Class>
          <Summary numSequencePoints="9" visitedSequencePoints="9" numBranchPoints="2" visitedBranchPoints="2" sequenceCoverage="100" branchCoverage="100" maxCyclomaticComplexity="2" minCyclomaticComplexity="2" visitedClasses="1" numClasses="1" visitedMethods="1" numMethods="1" />
          <FullName>staffinfo.divers.Controllers.DiversController/&lt;Update&gt;d__9</FullName>
          <Methods>
            <Method cyclomaticComplexity="2" nPathComplexity="0" sequenceCoverage="100" branchCoverage="100" isConstructor="False" isGetter="False" isSetter="False" isStatic="True">
              <Summary numSequencePoints="9" visitedSequencePoints="9" numBranchPoints="2" visitedBranchPoints="2" sequenceCoverage="100" branchCoverage="100" maxCyclomaticComplexity="2" minCyclomaticComplexity="2" visitedClasses="0" numClasses="0" visitedMethods="1" numMethods="1" />
              <MetadataToken />
              <Name>System.Void staffinfo.divers.Controllers.DiversController/&lt;Update&gt;d__9::MoveNext()</Name>
              <FileRef uid="2" />
              <SequencePoints>
                <SequencePoint vc="3" uspid="63" ordinal="0" sl="63" sc="1" el="63" ec="2" bec="0" bev="0" fileid="2" />
                <SequencePoint vc="3" uspid="64" ordinal="1" sl="64" sc="1" el="64" ec="2" bec="2" bev="2" fileid="2" />
                <SequencePoint vc="1" uspid="65" ordinal="2" sl="65" sc="1" el="65" ec="2" bec="0" bev="0" fileid="2" />
                <SequencePoint vc="1" uspid="66" ordinal="3" sl="66" sc="1" el="66" ec="2" bec="0" bev="0" fileid="2" />
                <SequencePoint vc="2" uspid="68" ordinal="4" sl="68" sc="1" el="68" ec="2" bec="0" bev="0" fileid="2" />
                <SequencePoint vc="2" uspid="69" ordinal="5" sl="69" sc="1" el="69" ec="2" bec="0" bev="0" fileid="2" />
                <SequencePoint vc="2" uspid="70" ordinal="6" sl="70" sc="1" el="70" ec="2" bec="0" bev="0" fileid="2" />
                <SequencePoint vc="1" uspid="72" ordinal="7" sl="72" sc="1" el="72" ec="2" bec="0" bev="0" fileid="2" />
                <SequencePoint vc="1" uspid="73" ordinal="8" sl="73" sc="1" el="73" ec="2" bec="0" bev="0" fileid="2" />
              </SequencePoints>
              <BranchPoints>
                <BranchPoint vc="1" uspid="64" ordinal="0" path="0" offset="37" offsetend="39" sl="64" fileid="2" />
                <BranchPoint vc="2" uspid="64" ordinal="1" path="1" offset="37" offsetend="51" sl="64" fileid="2" />
              </BranchPoints>
              <MethodPoint vc="9" uspid="0" p8:type="SequencePoint" ordinal="0" offset="0" sc="0" sl="63" ec="1" el="73" bec="0" bev="0" fileid="2" xmlns:p8="xsi" />
            </Method>
          </Methods>
        </Class>
        <Class>
          <Summary numSequencePoints="4" visitedSequencePoints="4" numBranchPoints="0" visitedBranchPoints="0" sequenceCoverage="100" branchCoverage="100" maxCyclomaticComplexity="1" minCyclomaticComplexity="1" visitedClasses="1" numClasses="1" visitedMethods="1" numMethods="1" />
          <FullName>staffinfo.divers.Controllers.DiversController/&lt;AddDivingTime&gt;d__10</FullName>
          <Methods>
            <Method cyclomaticComplexity="1" nPathComplexity="0" sequenceCoverage="100" branchCoverage="100" isConstructor="False" isGetter="False" isSetter="False" isStatic="True">
              <Summary numSequencePoints="4" visitedSequencePoints="4" numBranchPoints="0" visitedBranchPoints="0" sequenceCoverage="100" branchCoverage="100" maxCyclomaticComplexity="1" minCyclomaticComplexity="1" visitedClasses="0" numClasses="0" visitedMethods="1" numMethods="1" />
              <MetadataToken />
              <Name>System.Void staffinfo.divers.Controllers.DiversController/&lt;AddDivingTime&gt;d__10::MoveNext()</Name>
              <FileRef uid="2" />
              <SequencePoints>
                <SequencePoint vc="1" uspid="77" ordinal="0" sl="77" sc="1" el="77" ec="2" bec="0" bev="0" fileid="2" />
                <SequencePoint vc="1" uspid="78" ordinal="1" sl="78" sc="1" el="78" ec="2" bec="0" bev="0" fileid="2" />
                <SequencePoint vc="1" uspid="80" ordinal="2" sl="80" sc="1" el="80" ec="2" bec="0" bev="0" fileid="2" />
                <SequencePoint vc="1" uspid="81" ordinal="3" sl="81" sc="1" el="81" ec="2" bec="0" bev="0" fileid="2" />
              </SequencePoints>
              <BranchPoints />
              <MethodPoint vc="4" uspid="0" p8:type="SequencePoint" ordinal="0" offset="0" sc="0" sl="77" ec="1" el="81" bec="0" bev="0" fileid="2" xmlns:p8="xsi" />
            </Method>
          </Methods>
        </Class>
        <Class>
          <Summary numSequencePoints="4" visitedSequencePoints="0" numBranchPoints="0" visitedBranchPoints="0" sequenceCoverage="0" branchCoverage="100" maxCyclomaticComplexity="1" minCyclomaticComplexity="1" visitedClasses="0" numClasses="1" visitedMethods="0" numMethods="1" />
          <FullName>staffinfo.divers.Controllers.DiversController/&lt;ChangeDivingTime&gt;d__11</FullName>
          <Methods>
            <Method cyclomaticComplexity="1" nPathComplexity="0" sequenceCoverage="0" branchCoverage="100" isConstructor="False" isGetter="False" isSetter="False" isStatic="True">
              <Summary numSequencePoints="4" visitedSequencePoints="0" numBranchPoints="0" visitedBranchPoints="0" sequenceCoverage="0" branchCoverage="100" maxCyclomaticComplexity="1" minCyclomaticComplexity="1" visitedClasses="0" numClasses="0" visitedMethods="0" numMethods="1" />
              <MetadataToken />
              <Name>System.Void staffinfo.divers.Controllers.DiversController/&lt;ChangeDivingTime&gt;d__11::MoveNext()</Name>
              <FileRef uid="2" />
              <SequencePoints>
                <SequencePoint vc="0" uspid="85" ordinal="0" sl="85" sc="1" el="85" ec="2" bec="0" bev="0" fileid="2" />
                <SequencePoint vc="0" uspid="86" ordinal="1" sl="86" sc="1" el="86" ec="2" bec="0" bev="0" fileid="2" />
                <SequencePoint vc="0" uspid="88" ordinal="2" sl="88" sc="1" el="88" ec="2" bec="0" bev="0" fileid="2" />
                <SequencePoint vc="0" uspid="89" ordinal="3" sl="89" sc="1" el="89" ec="2" bec="0" bev="0" fileid="2" />
              </SequencePoints>
              <BranchPoints />
              <MethodPoint vc="0" uspid="0" p8:type="SequencePoint" ordinal="0" offset="0" sc="0" sl="85" ec="1" el="89" bec="0" bev="0" fileid="2" xmlns:p8="xsi" />
            </Method>
          </Methods>
        </Class>
        <Class>
          <Summary numSequencePoints="7" visitedSequencePoints="7" numBranchPoints="2" visitedBranchPoints="2" sequenceCoverage="100" branchCoverage="100" maxCyclomaticComplexity="2" minCyclomaticComplexity="2" visitedClasses="1" numClasses="1" visitedMethods="1" numMethods="1" />
          <FullName>staffinfo.divers.Controllers.DiversController/&lt;UploadPhoto&gt;d__12</FullName>
          <Methods>
            <Method cyclomaticComplexity="2" nPathComplexity="0" sequenceCoverage="100" branchCoverage="100" isConstructor="False" isGetter="False" isSetter="False" isStatic="True">
              <Summary numSequencePoints="7" visitedSequencePoints="7" numBranchPoints="2" visitedBranchPoints="2" sequenceCoverage="100" branchCoverage="100" maxCyclomaticComplexity="2" minCyclomaticComplexity="2" visitedClasses="0" numClasses="0" visitedMethods="1" numMethods="1" />
              <MetadataToken />
              <Name>System.Void staffinfo.divers.Controllers.DiversController/&lt;UploadPhoto&gt;d__12::MoveNext()</Name>
              <FileRef uid="2" />
              <SequencePoints>
                <SequencePoint vc="2" uspid="93" ordinal="0" sl="93" sc="1" el="93" ec="2" bec="0" bev="0" fileid="2" />
                <SequencePoint vc="2" uspid="94" ordinal="1" sl="94" sc="1" el="94" ec="2" bec="2" bev="2" fileid="2" />
                <SequencePoint vc="2" uspid="95" ordinal="2" sl="95" sc="1" el="95" ec="2" bec="0" bev="0" fileid="2" />
                <SequencePoint vc="2" uspid="96" ordinal="3" sl="96" sc="1" el="96" ec="2" bec="0" bev="0" fileid="2" />
                <SequencePoint vc="1" uspid="97" ordinal="4" sl="97" sc="1" el="97" ec="2" bec="0" bev="0" fileid="2" />
                <SequencePoint vc="1" uspid="98" ordinal="5" sl="98" sc="1" el="98" ec="2" bec="0" bev="0" fileid="2" />
                <SequencePoint vc="1" uspid="99" ordinal="6" sl="99" sc="1" el="99" ec="2" bec="0" bev="0" fileid="2" />
              </SequencePoints>
              <BranchPoints>
                <BranchPoint vc="2" uspid="94" ordinal="0" path="0" offset="42" offsetend="44" sl="94" fileid="2" />
                <BranchPoint vc="1" uspid="94" ordinal="1" path="1" offset="42" offsetend="165" sl="94" fileid="2" />
              </BranchPoints>
              <MethodPoint vc="7" uspid="0" p8:type="SequencePoint" ordinal="0" offset="0" sc="0" sl="93" ec="1" el="99" bec="0" bev="0" fileid="2" xmlns:p8="xsi" />
            </Method>
          </Methods>
        </Class>
        <Class>
          <Summary numSequencePoints="4" visitedSequencePoints="4" numBranchPoints="0" visitedBranchPoints="0" sequenceCoverage="100" branchCoverage="100" maxCyclomaticComplexity="1" minCyclomaticComplexity="1" visitedClasses="1" numClasses="1" visitedMethods="1" numMethods="1" />
          <FullName>staffinfo.divers.Controllers.DiversController/&lt;DeleteDiverPhoto&gt;d__13</FullName>
          <Methods>
            <Method cyclomaticComplexity="1" nPathComplexity="0" sequenceCoverage="100" branchCoverage="100" isConstructor="False" isGetter="False" isSetter="False" isStatic="True">
              <Summary numSequencePoints="4" visitedSequencePoints="4" numBranchPoints="0" visitedBranchPoints="0" sequenceCoverage="100" branchCoverage="100" maxCyclomaticComplexity="1" minCyclomaticComplexity="1" visitedClasses="0" numClasses="0" visitedMethods="1" numMethods="1" />
              <MetadataToken />
              <Name>System.Void staffinfo.divers.Controllers.DiversController/&lt;DeleteDiverPhoto&gt;d__13::MoveNext()</Name>
              <FileRef uid="2" />
              <SequencePoints>
                <SequencePoint vc="2" uspid="103" ordinal="0" sl="103" sc="1" el="103" ec="2" bec="0" bev="0" fileid="2" />
                <SequencePoint vc="2" uspid="104" ordinal="1" sl="104" sc="1" el="104" ec="2" bec="0" bev="0" fileid="2" />
                <SequencePoint vc="1" uspid="106" ordinal="2" sl="106" sc="1" el="106" ec="2" bec="0" bev="0" fileid="2" />
                <SequencePoint vc="1" uspid="107" ordinal="3" sl="107" sc="1" el="107" ec="2" bec="0" bev="0" fileid="2" />
              </SequencePoints>
              <BranchPoints />
              <MethodPoint vc="4" uspid="0" p8:type="SequencePoint" ordinal="0" offset="0" sc="0" sl="103" ec="1" el="107" bec="0" bev="0" fileid="2" xmlns:p8="xsi" />
            </Method>
          </Methods>
        </Class>
        <Class>
          <Summary numSequencePoints="4" visitedSequencePoints="4" numBranchPoints="0" visitedBranchPoints="0" sequenceCoverage="100" branchCoverage="100" maxCyclomaticComplexity="1" minCyclomaticComplexity="1" visitedClasses="1" numClasses="1" visitedMethods="1" numMethods="1" />
          <FullName>staffinfo.divers.Controllers.DiversController/&lt;DeleteDivingTime&gt;d__14</FullName>
          <Methods>
            <Method cyclomaticComplexity="1" nPathComplexity="0" sequenceCoverage="100" branchCoverage="100" isConstructor="False" isGetter="False" isSetter="False" isStatic="True">
              <Summary numSequencePoints="4" visitedSequencePoints="4" numBranchPoints="0" visitedBranchPoints="0" sequenceCoverage="100" branchCoverage="100" maxCyclomaticComplexity="1" minCyclomaticComplexity="1" visitedClasses="0" numClasses="0" visitedMethods="1" numMethods="1" />
              <MetadataToken />
              <Name>System.Void staffinfo.divers.Controllers.DiversController/&lt;DeleteDivingTime&gt;d__14::MoveNext()</Name>
              <FileRef uid="2" />
              <SequencePoints>
                <SequencePoint vc="1" uspid="112" ordinal="0" sl="112" sc="1" el="112" ec="2" bec="0" bev="0" fileid="2" />
                <SequencePoint vc="1" uspid="113" ordinal="1" sl="113" sc="1" el="113" ec="2" bec="0" bev="0" fileid="2" />
                <SequencePoint vc="1" uspid="115" ordinal="2" sl="115" sc="1" el="115" ec="2" bec="0" bev="0" fileid="2" />
                <SequencePoint vc="1" uspid="116" ordinal="3" sl="116" sc="1" el="116" ec="2" bec="0" bev="0" fileid="2" />
              </SequencePoints>
              <BranchPoints />
              <MethodPoint vc="4" uspid="0" p8:type="SequencePoint" ordinal="0" offset="0" sc="0" sl="112" ec="1" el="116" bec="0" bev="0" fileid="2" xmlns:p8="xsi" />
            </Method>
          </Methods>
        </Class>
        <Class>
          <Summary numSequencePoints="4" visitedSequencePoints="4" numBranchPoints="0" visitedBranchPoints="0" sequenceCoverage="100" branchCoverage="100" maxCyclomaticComplexity="1" minCyclomaticComplexity="1" visitedClasses="1" numClasses="1" visitedMethods="1" numMethods="1" />
          <FullName>staffinfo.divers.Controllers.DiversController/&lt;DeleteDiver&gt;d__15</FullName>
          <Methods>
            <Method cyclomaticComplexity="1" nPathComplexity="0" sequenceCoverage="100" branchCoverage="100" isConstructor="False" isGetter="False" isSetter="False" isStatic="True">
              <Summary numSequencePoints="4" visitedSequencePoints="4" numBranchPoints="0" visitedBranchPoints="0" sequenceCoverage="100" branchCoverage="100" maxCyclomaticComplexity="1" minCyclomaticComplexity="1" visitedClasses="0" numClasses="0" visitedMethods="1" numMethods="1" />
              <MetadataToken />
              <Name>System.Void staffinfo.divers.Controllers.DiversController/&lt;DeleteDiver&gt;d__15::MoveNext()</Name>
              <FileRef uid="2" />
              <SequencePoints>
                <SequencePoint vc="2" uspid="120" ordinal="0" sl="120" sc="1" el="120" ec="2" bec="0" bev="0" fileid="2" />
                <SequencePoint vc="2" uspid="121" ordinal="1" sl="121" sc="1" el="121" ec="2" bec="0" bev="0" fileid="2" />
                <SequencePoint vc="1" uspid="123" ordinal="2" sl="123" sc="1" el="123" ec="2" bec="0" bev="0" fileid="2" />
                <SequencePoint vc="1" uspid="124" ordinal="3" sl="124" sc="1" el="124" ec="2" bec="0" bev="0" fileid="2" />
              </SequencePoints>
              <BranchPoints />
              <MethodPoint vc="4" uspid="0" p8:type="SequencePoint" ordinal="0" offset="0" sc="0" sl="120" ec="1" el="124" bec="0" bev="0" fileid="2" xmlns:p8="xsi" />
            </Method>
          </Methods>
        </Class>
        <Class>
          <Summary numSequencePoints="4" visitedSequencePoints="4" numBranchPoints="0" visitedBranchPoints="0" sequenceCoverage="100" branchCoverage="100" maxCyclomaticComplexity="1" minCyclomaticComplexity="1" visitedClasses="1" numClasses="1" visitedMethods="1" numMethods="1" />
          <FullName>staffinfo.divers.Controllers.DiversController/&lt;Add&gt;d__16</FullName>
          <Methods>
            <Method cyclomaticComplexity="1" nPathComplexity="0" sequenceCoverage="100" branchCoverage="100" isConstructor="False" isGetter="False" isSetter="False" isStatic="True">
              <Summary numSequencePoints="4" visitedSequencePoints="4" numBranchPoints="0" visitedBranchPoints="0" sequenceCoverage="100" branchCoverage="100" maxCyclomaticComplexity="1" minCyclomaticComplexity="1" visitedClasses="0" numClasses="0" visitedMethods="1" numMethods="1" />
              <MetadataToken />
              <Name>System.Void staffinfo.divers.Controllers.DiversController/&lt;Add&gt;d__16::MoveNext()</Name>
              <FileRef uid="2" />
              <SequencePoints>
                <SequencePoint vc="2" uspid="128" ordinal="0" sl="128" sc="1" el="128" ec="2" bec="0" bev="0" fileid="2" />
                <SequencePoint vc="2" uspid="129" ordinal="1" sl="129" sc="1" el="129" ec="2" bec="0" bev="0" fileid="2" />
                <SequencePoint vc="1" uspid="131" ordinal="2" sl="131" sc="1" el="131" ec="2" bec="0" bev="0" fileid="2" />
                <SequencePoint vc="1" uspid="132" ordinal="3" sl="132" sc="1" el="132" ec="2" bec="0" bev="0" fileid="2" />
              </SequencePoints>
              <BranchPoints />
              <MethodPoint vc="4" uspid="0" p8:type="SequencePoint" ordinal="0" offset="0" sc="0" sl="128" ec="1" el="132" bec="0" bev="0" fileid="2" xmlns:p8="xsi" />
            </Method>
          </Methods>
        </Class>
        <Class>
          <Summary numSequencePoints="4" visitedSequencePoints="4" numBranchPoints="0" visitedBranchPoints="0" sequenceCoverage="100" branchCoverage="100" maxCyclomaticComplexity="1" minCyclomaticComplexity="1" visitedClasses="1" numClasses="1" visitedMethods="1" numMethods="1" />
          <FullName>staffinfo.divers.Controllers.DiversController/&lt;GetListWorkingTimeJson&gt;d__17</FullName>
          <Methods>
            <Method cyclomaticComplexity="1" nPathComplexity="0" sequenceCoverage="100" branchCoverage="100" isConstructor="False" isGetter="False" isSetter="False" isStatic="True">
              <Summary numSequencePoints="4" visitedSequencePoints="4" numBranchPoints="0" visitedBranchPoints="0" sequenceCoverage="100" branchCoverage="100" maxCyclomaticComplexity="1" minCyclomaticComplexity="1" visitedClasses="0" numClasses="0" visitedMethods="1" numMethods="1" />
              <MetadataToken />
              <Name>System.Void staffinfo.divers.Controllers.DiversController/&lt;GetListWorkingTimeJson&gt;d__17::MoveNext()</Name>
              <FileRef uid="2" />
              <SequencePoints>
                <SequencePoint vc="2" uspid="136" ordinal="0" sl="136" sc="1" el="136" ec="2" bec="0" bev="0" fileid="2" />
                <SequencePoint vc="2" uspid="137" ordinal="1" sl="137" sc="1" el="137" ec="2" bec="0" bev="0" fileid="2" />
                <SequencePoint vc="1" uspid="138" ordinal="2" sl="138" sc="1" el="138" ec="2" bec="0" bev="0" fileid="2" />
                <SequencePoint vc="1" uspid="139" ordinal="3" sl="139" sc="1" el="139" ec="2" bec="0" bev="0" fileid="2" />
              </SequencePoints>
              <BranchPoints />
              <MethodPoint vc="4" uspid="0" p8:type="SequencePoint" ordinal="0" offset="0" sc="0" sl="136" ec="1" el="139" bec="0" bev="0" fileid="2" xmlns:p8="xsi" />
            </Method>
          </Methods>
        </Class>
        <Class>
          <Summary numSequencePoints="4" visitedSequencePoints="4" numBranchPoints="0" visitedBranchPoints="0" sequenceCoverage="100" branchCoverage="100" maxCyclomaticComplexity="1" minCyclomaticComplexity="1" visitedClasses="1" numClasses="1" visitedMethods="1" numMethods="1" />
          <FullName>staffinfo.divers.Controllers.DiversController/&lt;GetListJson&gt;d__18</FullName>
          <Methods>
            <Method cyclomaticComplexity="1" nPathComplexity="0" sequenceCoverage="100" branchCoverage="100" isConstructor="False" isGetter="False" isSetter="False" isStatic="True">
              <Summary numSequencePoints="4" visitedSequencePoints="4" numBranchPoints="0" visitedBranchPoints="0" sequenceCoverage="100" branchCoverage="100" maxCyclomaticComplexity="1" minCyclomaticComplexity="1" visitedClasses="0" numClasses="0" visitedMethods="1" numMethods="1" />
              <MetadataToken />
              <Name>System.Void staffinfo.divers.Controllers.DiversController/&lt;GetListJson&gt;d__18::MoveNext()</Name>
              <FileRef uid="2" />
              <SequencePoints>
                <SequencePoint vc="1" uspid="143" ordinal="0" sl="143" sc="1" el="143" ec="2" bec="0" bev="0" fileid="2" />
                <SequencePoint vc="1" uspid="144" ordinal="1" sl="144" sc="1" el="144" ec="2" bec="0" bev="0" fileid="2" />
                <SequencePoint vc="1" uspid="146" ordinal="2" sl="146" sc="1" el="146" ec="2" bec="0" bev="0" fileid="2" />
                <SequencePoint vc="1" uspid="147" ordinal="3" sl="147" sc="1" el="147" ec="2" bec="0" bev="0" fileid="2" />
              </SequencePoints>
              <BranchPoints />
              <MethodPoint vc="4" uspid="0" p8:type="SequencePoint" ordinal="0" offset="0" sc="0" sl="143" ec="1" el="147" bec="0" bev="0" fileid="2" xmlns:p8="xsi" />
            </Method>
          </Methods>
        </Class>
        <Class>
          <Summary numSequencePoints="8" visitedSequencePoints="8" numBranchPoints="0" visitedBranchPoints="0" sequenceCoverage="100" branchCoverage="100" maxCyclomaticComplexity="1" minCyclomaticComplexity="1" visitedClasses="1" numClasses="1" visitedMethods="2" numMethods="2" />
          <FullName>staffinfo.divers.Controllers.LoginController</FullName>
          <Methods>
            <Method cyclomaticComplexity="1" nPathComplexity="0" sequenceCoverage="100" branchCoverage="100" isConstructor="False" isGetter="False" isSetter="False" isStatic="True">
              <Summary numSequencePoints="3" visitedSequencePoints="3" numBranchPoints="0" visitedBranchPoints="0" sequenceCoverage="100" branchCoverage="100" maxCyclomaticComplexity="1" minCyclomaticComplexity="1" visitedClasses="0" numClasses="0" visitedMethods="1" numMethods="1" />
              <MetadataToken />
              <Name>Microsoft.AspNetCore.Mvc.IActionResult staffinfo.divers.Controllers.LoginController::Index()</Name>
              <FileRef uid="3" />
              <SequencePoints>
                <SequencePoint vc="1" uspid="21" ordinal="0" sl="21" sc="1" el="21" ec="2" bec="0" bev="0" fileid="3" />
                <SequencePoint vc="1" uspid="22" ordinal="1" sl="22" sc="1" el="22" ec="2" bec="0" bev="0" fileid="3" />
                <SequencePoint vc="1" uspid="23" ordinal="2" sl="23" sc="1" el="23" ec="2" bec="0" bev="0" fileid="3" />
              </SequencePoints>
              <BranchPoints />
              <MethodPoint vc="3" uspid="0" p8:type="SequencePoint" ordinal="0" offset="0" sc="0" sl="21" ec="1" el="23" bec="0" bev="0" fileid="3" xmlns:p8="xsi" />
            </Method>
            <Method cyclomaticComplexity="1" nPathComplexity="0" sequenceCoverage="100" branchCoverage="100" isConstructor="True" isGetter="False" isSetter="False" isStatic="True">
              <Summary numSequencePoints="5" visitedSequencePoints="5" numBranchPoints="0" visitedBranchPoints="0" sequenceCoverage="100" branchCoverage="100" maxCyclomaticComplexity="1" minCyclomaticComplexity="1" visitedClasses="0" numClasses="0" visitedMethods="1" numMethods="1" />
              <MetadataToken />
              <Name>System.Void staffinfo.divers.Controllers.LoginController::.ctor(Staffinfo.Divers.Services.Contracts.IAccountService,Staffinfo.Divers.Services.UserManager)</Name>
              <FileRef uid="3" />
              <SequencePoints>
                <SequencePoint vc="4" uspid="14" ordinal="0" sl="14" sc="1" el="14" ec="2" bec="0" bev="0" fileid="3" />
                <SequencePoint vc="4" uspid="15" ordinal="1" sl="15" sc="1" el="15" ec="2" bec="0" bev="0" fileid="3" />
                <SequencePoint vc="4" uspid="16" ordinal="2" sl="16" sc="1" el="16" ec="2" bec="0" bev="0" fileid="3" />
                <SequencePoint vc="4" uspid="17" ordinal="3" sl="17" sc="1" el="17" ec="2" bec="0" bev="0" fileid="3" />
                <SequencePoint vc="4" uspid="18" ordinal="4" sl="18" sc="1" el="18" ec="2" bec="0" bev="0" fileid="3" />
              </SequencePoints>
              <BranchPoints />
              <MethodPoint vc="5" uspid="0" p8:type="SequencePoint" ordinal="1" offset="1" sc="0" sl="14" ec="1" el="18" bec="0" bev="0" fileid="3" xmlns:p8="xsi" />
            </Method>
          </Methods>
        </Class>
        <Class>
          <Summary numSequencePoints="10" visitedSequencePoints="9" numBranchPoints="4" visitedBranchPoints="3" sequenceCoverage="90" branchCoverage="75" maxCyclomaticComplexity="4" minCyclomaticComplexity="4" visitedClasses="1" numClasses="1" visitedMethods="1" numMethods="1" />
          <FullName>staffinfo.divers.Controllers.LoginController/&lt;SignIn&gt;d__4</FullName>
          <Methods>
            <Method cyclomaticComplexity="4" nPathComplexity="0" sequenceCoverage="90" branchCoverage="75" isConstructor="False" isGetter="False" isSetter="False" isStatic="True">
              <Summary numSequencePoints="10" visitedSequencePoints="9" numBranchPoints="4" visitedBranchPoints="3" sequenceCoverage="90" branchCoverage="75" maxCyclomaticComplexity="4" minCyclomaticComplexity="4" visitedClasses="0" numClasses="0" visitedMethods="1" numMethods="1" />
              <MetadataToken />
              <Name>System.Void staffinfo.divers.Controllers.LoginController/&lt;SignIn&gt;d__4::MoveNext()</Name>
              <FileRef uid="3" />
              <SequencePoints>
                <SequencePoint vc="2" uspid="26" ordinal="0" sl="26" sc="1" el="26" ec="2" bec="0" bev="0" fileid="3" />
                <SequencePoint vc="2" uspid="27" ordinal="1" sl="27" sc="1" el="27" ec="2" bec="2" bev="1" fileid="3" />
                <SequencePoint vc="0" uspid="28" ordinal="2" sl="28" sc="1" el="28" ec="2" bec="0" bev="0" fileid="3" />
                <SequencePoint vc="2" uspid="30" ordinal="3" sl="30" sc="1" el="30" ec="2" bec="0" bev="0" fileid="3" />
                <SequencePoint vc="2" uspid="32" ordinal="4" sl="32" sc="1" el="32" ec="2" bec="2" bev="2" fileid="3" />
                <SequencePoint vc="1" uspid="33" ordinal="5" sl="33" sc="1" el="33" ec="2" bec="0" bev="0" fileid="3" />
                <SequencePoint vc="1" uspid="34" ordinal="6" sl="34" sc="1" el="34" ec="2" bec="0" bev="0" fileid="3" />
                <SequencePoint vc="1" uspid="35" ordinal="7" sl="35" sc="1" el="35" ec="2" bec="0" bev="0" fileid="3" />
                <SequencePoint vc="1" uspid="38" ordinal="8" sl="38" sc="1" el="38" ec="2" bec="0" bev="0" fileid="3" />
                <SequencePoint vc="2" uspid="39" ordinal="9" sl="39" sc="1" el="39" ec="2" bec="0" bev="0" fileid="3" />
              </SequencePoints>
              <BranchPoints>
                <BranchPoint vc="0" uspid="27" ordinal="0" path="0" offset="39" offsetend="41" sl="27" fileid="3" />
                <BranchPoint vc="2" uspid="27" ordinal="1" path="1" offset="39" offsetend="69" sl="27" fileid="3" />
                <BranchPoint vc="1" uspid="32" ordinal="2" path="0" offset="219" offsetend="221" sl="32" fileid="3" />
                <BranchPoint vc="1" uspid="32" ordinal="3" path="1" offset="219" offsetend="274" sl="32" fileid="3" />
              </BranchPoints>
              <MethodPoint vc="9" uspid="0" p8:type="SequencePoint" ordinal="0" offset="0" sc="0" sl="26" ec="1" el="39" bec="0" bev="0" fileid="3" xmlns:p8="xsi" />
            </Method>
          </Methods>
        </Class>
        <Class>
          <Summary numSequencePoints="4" visitedSequencePoints="4" numBranchPoints="0" visitedBranchPoints="0" sequenceCoverage="100" branchCoverage="100" maxCyclomaticComplexity="1" minCyclomaticComplexity="1" visitedClasses="1" numClasses="1" visitedMethods="1" numMethods="1" />
          <FullName>staffinfo.divers.Controllers.LoginController/&lt;SignOut&gt;d__5</FullName>
          <Methods>
            <Method cyclomaticComplexity="1" nPathComplexity="0" sequenceCoverage="100" branchCoverage="100" isConstructor="False" isGetter="False" isSetter="False" isStatic="True">
              <Summary numSequencePoints="4" visitedSequencePoints="4" numBranchPoints="0" visitedBranchPoints="0" sequenceCoverage="100" branchCoverage="100" maxCyclomaticComplexity="1" minCyclomaticComplexity="1" visitedClasses="0" numClasses="0" visitedMethods="1" numMethods="1" />
              <MetadataToken />
              <Name>System.Void staffinfo.divers.Controllers.LoginController/&lt;SignOut&gt;d__5::MoveNext()</Name>
              <FileRef uid="3" />
              <SequencePoints>
                <SequencePoint vc="1" uspid="42" ordinal="0" sl="42" sc="1" el="42" ec="2" bec="0" bev="0" fileid="3" />
                <SequencePoint vc="1" uspid="44" ordinal="1" sl="44" sc="1" el="44" ec="2" bec="0" bev="0" fileid="3" />
                <SequencePoint vc="1" uspid="46" ordinal="2" sl="46" sc="1" el="46" ec="2" bec="0" bev="0" fileid="3" />
                <SequencePoint vc="1" uspid="47" ordinal="3" sl="47" sc="1" el="47" ec="2" bec="0" bev="0" fileid="3" />
              </SequencePoints>
              <BranchPoints />
              <MethodPoint vc="4" uspid="0" p8:type="SequencePoint" ordinal="0" offset="0" sc="0" sl="42" ec="1" el="47" bec="0" bev="0" fileid="3" xmlns:p8="xsi" />
            </Method>
          </Methods>
        </Class>
        <Class>
          <Summary numSequencePoints="14" visitedSequencePoints="14" numBranchPoints="0" visitedBranchPoints="0" sequenceCoverage="100" branchCoverage="100" maxCyclomaticComplexity="1" minCyclomaticComplexity="1" visitedClasses="1" numClasses="1" visitedMethods="3" numMethods="3" />
          <FullName>staffinfo.divers.Controllers.StationsController</FullName>
          <Methods>
            <Method cyclomaticComplexity="1" nPathComplexity="0" sequenceCoverage="100" branchCoverage="100" isConstructor="False" isGetter="False" isSetter="False" isStatic="True">
              <Summary numSequencePoints="3" visitedSequencePoints="3" numBranchPoints="0" visitedBranchPoints="0" sequenceCoverage="100" branchCoverage="100" maxCyclomaticComplexity="1" minCyclomaticComplexity="1" visitedClasses="0" numClasses="0" visitedMethods="1" numMethods="1" />
              <MetadataToken />
              <Name>Microsoft.AspNetCore.Mvc.IActionResult staffinfo.divers.Controllers.StationsController::Index()</Name>
              <FileRef uid="4" />
              <SequencePoints>
                <SequencePoint vc="1" uspid="25" ordinal="0" sl="25" sc="1" el="25" ec="2" bec="0" bev="0" fileid="4" />
                <SequencePoint vc="1" uspid="26" ordinal="1" sl="26" sc="1" el="26" ec="2" bec="0" bev="0" fileid="4" />
                <SequencePoint vc="1" uspid="27" ordinal="2" sl="27" sc="1" el="27" ec="2" bec="0" bev="0" fileid="4" />
              </SequencePoints>
              <BranchPoints />
              <MethodPoint vc="3" uspid="0" p8:type="SequencePoint" ordinal="0" offset="0" sc="0" sl="25" ec="1" el="27" bec="0" bev="0" fileid="4" xmlns:p8="xsi" />
            </Method>
            <Method cyclomaticComplexity="1" nPathComplexity="0" sequenceCoverage="100" branchCoverage="100" isConstructor="False" isGetter="False" isSetter="False" isStatic="True">
              <Summary numSequencePoints="5" visitedSequencePoints="5" numBranchPoints="0" visitedBranchPoints="0" sequenceCoverage="100" branchCoverage="100" maxCyclomaticComplexity="1" minCyclomaticComplexity="1" visitedClasses="0" numClasses="0" visitedMethods="1" numMethods="1" />
              <MetadataToken />
              <Name>Microsoft.AspNetCore.Mvc.IActionResult staffinfo.divers.Controllers.StationsController::New()</Name>
              <FileRef uid="4" />
              <SequencePoints>
                <SequencePoint vc="1" uspid="30" ordinal="0" sl="30" sc="1" el="30" ec="2" bec="0" bev="0" fileid="4" />
                <SequencePoint vc="1" uspid="31" ordinal="1" sl="31" sc="1" el="31" ec="2" bec="0" bev="0" fileid="4" />
                <SequencePoint vc="1" uspid="32" ordinal="2" sl="32" sc="1" el="32" ec="2" bec="0" bev="0" fileid="4" />
                <SequencePoint vc="1" uspid="34" ordinal="3" sl="34" sc="1" el="34" ec="2" bec="0" bev="0" fileid="4" />
                <SequencePoint vc="1" uspid="35" ordinal="4" sl="35" sc="1" el="35" ec="2" bec="0" bev="0" fileid="4" />
              </SequencePoints>
              <BranchPoints />
              <MethodPoint vc="5" uspid="0" p8:type="SequencePoint" ordinal="1" offset="1" sc="0" sl="30" ec="1" el="35" bec="0" bev="0" fileid="4" xmlns:p8="xsi" />
            </Method>
            <Method cyclomaticComplexity="1" nPathComplexity="0" sequenceCoverage="100" branchCoverage="100" isConstructor="True" isGetter="False" isSetter="False" isStatic="True">
              <Summary numSequencePoints="6" visitedSequencePoints="6" numBranchPoints="0" visitedBranchPoints="0" sequenceCoverage="100" branchCoverage="100" maxCyclomaticComplexity="1" minCyclomaticComplexity="1" visitedClasses="0" numClasses="0" visitedMethods="1" numMethods="1" />
              <MetadataToken />
              <Name>System.Void staffinfo.divers.Controllers.StationsController::.ctor(Staffinfo.Divers.Services.Contracts.IRescueStationService,Staffinfo.Divers.Services.Contracts.IDiverService,AutoMapper.IMapper)</Name>
              <FileRef uid="4" />
              <SequencePoints>
                <SequencePoint vc="12" uspid="17" ordinal="0" sl="17" sc="1" el="17" ec="2" bec="0" bev="0" fileid="4" />
                <SequencePoint vc="12" uspid="18" ordinal="1" sl="18" sc="1" el="18" ec="2" bec="0" bev="0" fileid="4" />
                <SequencePoint vc="12" uspid="19" ordinal="2" sl="19" sc="1" el="19" ec="2" bec="0" bev="0" fileid="4" />
                <SequencePoint vc="12" uspid="20" ordinal="3" sl="20" sc="1" el="20" ec="2" bec="0" bev="0" fileid="4" />
                <SequencePoint vc="12" uspid="21" ordinal="4" sl="21" sc="1" el="21" ec="2" bec="0" bev="0" fileid="4" />
                <SequencePoint vc="12" uspid="22" ordinal="5" sl="22" sc="1" el="22" ec="2" bec="0" bev="0" fileid="4" />
              </SequencePoints>
              <BranchPoints />
              <MethodPoint vc="6" uspid="0" p8:type="SequencePoint" ordinal="2" offset="2" sc="0" sl="17" ec="1" el="22" bec="0" bev="0" fileid="4" xmlns:p8="xsi" />
            </Method>
          </Methods>
        </Class>
        <Class>
          <Summary numSequencePoints="7" visitedSequencePoints="7" numBranchPoints="0" visitedBranchPoints="0" sequenceCoverage="100" branchCoverage="100" maxCyclomaticComplexity="1" minCyclomaticComplexity="1" visitedClasses="1" numClasses="1" visitedMethods="1" numMethods="1" />
          <FullName>staffinfo.divers.Controllers.StationsController/&lt;Edit&gt;d__6</FullName>
          <Methods>
            <Method cyclomaticComplexity="1" nPathComplexity="0" sequenceCoverage="100" branchCoverage="100" isConstructor="False" isGetter="False" isSetter="False" isStatic="True">
              <Summary numSequencePoints="7" visitedSequencePoints="7" numBranchPoints="0" visitedBranchPoints="0" sequenceCoverage="100" branchCoverage="100" maxCyclomaticComplexity="1" minCyclomaticComplexity="1" visitedClasses="0" numClasses="0" visitedMethods="1" numMethods="1" />
              <MetadataToken />
              <Name>System.Void staffinfo.divers.Controllers.StationsController/&lt;Edit&gt;d__6::MoveNext()</Name>
              <FileRef uid="4" />
              <SequencePoints>
                <SequencePoint vc="2" uspid="38" ordinal="0" sl="38" sc="1" el="38" ec="2" bec="0" bev="0" fileid="4" />
                <SequencePoint vc="2" uspid="39" ordinal="1" sl="39" sc="1" el="39" ec="2" bec="0" bev="0" fileid="4" />
                <SequencePoint vc="1" uspid="40" ordinal="2" sl="40" sc="1" el="40" ec="2" bec="0" bev="0" fileid="4" />
                <SequencePoint vc="1" uspid="42" ordinal="3" sl="42" sc="1" el="42" ec="2" bec="0" bev="0" fileid="4" />
                <SequencePoint vc="1" uspid="43" ordinal="4" sl="43" sc="1" el="43" ec="2" bec="0" bev="0" fileid="4" />
                <SequencePoint vc="1" uspid="45" ordinal="5" sl="45" sc="1" el="45" ec="2" bec="0" bev="0" fileid="4" />
                <SequencePoint vc="1" uspid="46" ordinal="6" sl="46" sc="1" el="46" ec="2" bec="0" bev="0" fileid="4" />
              </SequencePoints>
              <BranchPoints />
              <MethodPoint vc="7" uspid="0" p8:type="SequencePoint" ordinal="0" offset="0" sc="0" sl="38" ec="1" el="46" bec="0" bev="0" fileid="4" xmlns:p8="xsi" />
            </Method>
          </Methods>
        </Class>
        <Class>
          <Summary numSequencePoints="4" visitedSequencePoints="4" numBranchPoints="0" visitedBranchPoints="0" sequenceCoverage="100" branchCoverage="100" maxCyclomaticComplexity="1" minCyclomaticComplexity="1" visitedClasses="1" numClasses="1" visitedMethods="1" numMethods="1" />
          <FullName>staffinfo.divers.Controllers.StationsController/&lt;Add&gt;d__7</FullName>
          <Methods>
            <Method cyclomaticComplexity="1" nPathComplexity="0" sequenceCoverage="100" branchCoverage="100" isConstructor="False" isGetter="False" isSetter="False" isStatic="True">
              <Summary numSequencePoints="4" visitedSequencePoints="4" numBranchPoints="0" visitedBranchPoints="0" sequenceCoverage="100" branchCoverage="100" maxCyclomaticComplexity="1" minCyclomaticComplexity="1" visitedClasses="0" numClasses="0" visitedMethods="1" numMethods="1" />
              <MetadataToken />
              <Name>System.Void staffinfo.divers.Controllers.StationsController/&lt;Add&gt;d__7::MoveNext()</Name>
              <FileRef uid="4" />
              <SequencePoints>
                <SequencePoint vc="2" uspid="50" ordinal="0" sl="50" sc="1" el="50" ec="2" bec="0" bev="0" fileid="4" />
                <SequencePoint vc="2" uspid="51" ordinal="1" sl="51" sc="1" el="51" ec="2" bec="0" bev="0" fileid="4" />
                <SequencePoint vc="1" uspid="53" ordinal="2" sl="53" sc="1" el="53" ec="2" bec="0" bev="0" fileid="4" />
                <SequencePoint vc="1" uspid="54" ordinal="3" sl="54" sc="1" el="54" ec="2" bec="0" bev="0" fileid="4" />
              </SequencePoints>
              <BranchPoints />
              <MethodPoint vc="4" uspid="0" p8:type="SequencePoint" ordinal="0" offset="0" sc="0" sl="50" ec="1" el="54" bec="0" bev="0" fileid="4" xmlns:p8="xsi" />
            </Method>
          </Methods>
        </Class>
        <Class>
          <Summary numSequencePoints="4" visitedSequencePoints="4" numBranchPoints="0" visitedBranchPoints="0" sequenceCoverage="100" branchCoverage="100" maxCyclomaticComplexity="1" minCyclomaticComplexity="1" visitedClasses="1" numClasses="1" visitedMethods="1" numMethods="1" />
          <FullName>staffinfo.divers.Controllers.StationsController/&lt;Update&gt;d__8</FullName>
          <Methods>
            <Method cyclomaticComplexity="1" nPathComplexity="0" sequenceCoverage="100" branchCoverage="100" isConstructor="False" isGetter="False" isSetter="False" isStatic="True">
              <Summary numSequencePoints="4" visitedSequencePoints="4" numBranchPoints="0" visitedBranchPoints="0" sequenceCoverage="100" branchCoverage="100" maxCyclomaticComplexity="1" minCyclomaticComplexity="1" visitedClasses="0" numClasses="0" visitedMethods="1" numMethods="1" />
              <MetadataToken />
              <Name>System.Void staffinfo.divers.Controllers.StationsController/&lt;Update&gt;d__8::MoveNext()</Name>
              <FileRef uid="4" />
              <SequencePoints>
                <SequencePoint vc="3" uspid="58" ordinal="0" sl="58" sc="1" el="58" ec="2" bec="0" bev="0" fileid="4" />
                <SequencePoint vc="3" uspid="59" ordinal="1" sl="59" sc="1" el="59" ec="2" bec="0" bev="0" fileid="4" />
                <SequencePoint vc="1" uspid="61" ordinal="2" sl="61" sc="1" el="61" ec="2" bec="0" bev="0" fileid="4" />
                <SequencePoint vc="1" uspid="62" ordinal="3" sl="62" sc="1" el="62" ec="2" bec="0" bev="0" fileid="4" />
              </SequencePoints>
              <BranchPoints />
              <MethodPoint vc="4" uspid="0" p8:type="SequencePoint" ordinal="0" offset="0" sc="0" sl="58" ec="1" el="62" bec="0" bev="0" fileid="4" xmlns:p8="xsi" />
            </Method>
          </Methods>
        </Class>
        <Class>
          <Summary numSequencePoints="4" visitedSequencePoints="4" numBranchPoints="0" visitedBranchPoints="0" sequenceCoverage="100" branchCoverage="100" maxCyclomaticComplexity="1" minCyclomaticComplexity="1" visitedClasses="1" numClasses="1" visitedMethods="1" numMethods="1" />
          <FullName>staffinfo.divers.Controllers.StationsController/&lt;Delete&gt;d__9</FullName>
          <Methods>
            <Method cyclomaticComplexity="1" nPathComplexity="0" sequenceCoverage="100" branchCoverage="100" isConstructor="False" isGetter="False" isSetter="False" isStatic="True">
              <Summary numSequencePoints="4" visitedSequencePoints="4" numBranchPoints="0" visitedBranchPoints="0" sequenceCoverage="100" branchCoverage="100" maxCyclomaticComplexity="1" minCyclomaticComplexity="1" visitedClasses="0" numClasses="0" visitedMethods="1" numMethods="1" />
              <MetadataToken />
              <Name>System.Void staffinfo.divers.Controllers.StationsController/&lt;Delete&gt;d__9::MoveNext()</Name>
              <FileRef uid="4" />
              <SequencePoints>
                <SequencePoint vc="2" uspid="66" ordinal="0" sl="66" sc="1" el="66" ec="2" bec="0" bev="0" fileid="4" />
                <SequencePoint vc="2" uspid="67" ordinal="1" sl="67" sc="1" el="67" ec="2" bec="0" bev="0" fileid="4" />
                <SequencePoint vc="1" uspid="69" ordinal="2" sl="69" sc="1" el="69" ec="2" bec="0" bev="0" fileid="4" />
                <SequencePoint vc="1" uspid="70" ordinal="3" sl="70" sc="1" el="70" ec="2" bec="0" bev="0" fileid="4" />
              </SequencePoints>
              <BranchPoints />
              <MethodPoint vc="4" uspid="0" p8:type="SequencePoint" ordinal="0" offset="0" sc="0" sl="66" ec="1" el="70" bec="0" bev="0" fileid="4" xmlns:p8="xsi" />
            </Method>
          </Methods>
        </Class>
        <Class>
          <Summary numSequencePoints="4" visitedSequencePoints="4" numBranchPoints="0" visitedBranchPoints="0" sequenceCoverage="100" branchCoverage="100" maxCyclomaticComplexity="1" minCyclomaticComplexity="1" visitedClasses="1" numClasses="1" visitedMethods="1" numMethods="1" />
          <FullName>staffinfo.divers.Controllers.StationsController/&lt;GetListJson&gt;d__10</FullName>
          <Methods>
            <Method cyclomaticComplexity="1" nPathComplexity="0" sequenceCoverage="100" branchCoverage="100" isConstructor="False" isGetter="False" isSetter="False" isStatic="True">
              <Summary numSequencePoints="4" visitedSequencePoints="4" numBranchPoints="0" visitedBranchPoints="0" sequenceCoverage="100" branchCoverage="100" maxCyclomaticComplexity="1" minCyclomaticComplexity="1" visitedClasses="0" numClasses="0" visitedMethods="1" numMethods="1" />
              <MetadataToken />
              <Name>System.Void staffinfo.divers.Controllers.StationsController/&lt;GetListJson&gt;d__10::MoveNext()</Name>
              <FileRef uid="4" />
              <SequencePoints>
                <SequencePoint vc="1" uspid="74" ordinal="0" sl="74" sc="1" el="74" ec="2" bec="0" bev="0" fileid="4" />
                <SequencePoint vc="1" uspid="75" ordinal="1" sl="75" sc="1" el="75" ec="2" bec="0" bev="0" fileid="4" />
                <SequencePoint vc="1" uspid="77" ordinal="2" sl="77" sc="1" el="77" ec="2" bec="0" bev="0" fileid="4" />
                <SequencePoint vc="1" uspid="78" ordinal="3" sl="78" sc="1" el="78" ec="2" bec="0" bev="0" fileid="4" />
              </SequencePoints>
              <BranchPoints />
              <MethodPoint vc="4" uspid="0" p8:type="SequencePoint" ordinal="0" offset="0" sc="0" sl="74" ec="1" el="78" bec="0" bev="0" fileid="4" xmlns:p8="xsi" />
            </Method>
          </Methods>
        </Class>
        <Class>
          <Summary numSequencePoints="8" visitedSequencePoints="0" numBranchPoints="0" visitedBranchPoints="0" sequenceCoverage="0" branchCoverage="100" maxCyclomaticComplexity="1" minCyclomaticComplexity="1" visitedClasses="0" numClasses="1" visitedMethods="0" numMethods="2" />
          <FullName>Staffinfo.Divers.Program</FullName>
          <Methods>
            <Method cyclomaticComplexity="1" nPathComplexity="0" sequenceCoverage="0" branchCoverage="100" isConstructor="False" isGetter="False" isSetter="False" isStatic="True">
              <Summary numSequencePoints="3" visitedSequencePoints="0" numBranchPoints="0" visitedBranchPoints="0" sequenceCoverage="0" branchCoverage="100" maxCyclomaticComplexity="1" minCyclomaticComplexity="1" visitedClasses="0" numClasses="0" visitedMethods="0" numMethods="1" />
              <MetadataToken />
              <Name>System.Void Staffinfo.Divers.Program::Main(System.String[])</Name>
              <FileRef uid="5" />
              <SequencePoints>
                <SequencePoint vc="0" uspid="15" ordinal="0" sl="15" sc="1" el="15" ec="2" bec="0" bev="0" fileid="5" />
                <SequencePoint vc="0" uspid="16" ordinal="1" sl="16" sc="1" el="16" ec="2" bec="0" bev="0" fileid="5" />
                <SequencePoint vc="0" uspid="17" ordinal="2" sl="17" sc="1" el="17" ec="2" bec="0" bev="0" fileid="5" />
              </SequencePoints>
              <BranchPoints />
              <MethodPoint vc="0" uspid="0" p8:type="SequencePoint" ordinal="0" offset="0" sc="0" sl="15" ec="1" el="17" bec="0" bev="0" fileid="5" xmlns:p8="xsi" />
            </Method>
            <Method cyclomaticComplexity="1" nPathComplexity="0" sequenceCoverage="0" branchCoverage="100" isConstructor="False" isGetter="False" isSetter="False" isStatic="True">
              <Summary numSequencePoints="5" visitedSequencePoints="0" numBranchPoints="0" visitedBranchPoints="0" sequenceCoverage="0" branchCoverage="100" maxCyclomaticComplexity="1" minCyclomaticComplexity="1" visitedClasses="0" numClasses="0" visitedMethods="0" numMethods="1" />
              <MetadataToken />
              <Name>Microsoft.Extensions.Hosting.IHostBuilder Staffinfo.Divers.Program::CreateHostBuilder(System.String[])</Name>
              <FileRef uid="5" />
              <SequencePoints>
                <SequencePoint vc="0" uspid="20" ordinal="0" sl="20" sc="1" el="20" ec="2" bec="0" bev="0" fileid="5" />
                <SequencePoint vc="0" uspid="21" ordinal="1" sl="21" sc="1" el="21" ec="2" bec="0" bev="0" fileid="5" />
                <SequencePoint vc="0" uspid="22" ordinal="2" sl="22" sc="1" el="22" ec="2" bec="0" bev="0" fileid="5" />
                <SequencePoint vc="0" uspid="23" ordinal="3" sl="23" sc="1" el="23" ec="2" bec="0" bev="0" fileid="5" />
                <SequencePoint vc="0" uspid="24" ordinal="4" sl="24" sc="1" el="24" ec="2" bec="0" bev="0" fileid="5" />
              </SequencePoints>
              <BranchPoints />
              <MethodPoint vc="0" uspid="0" p8:type="SequencePoint" ordinal="1" offset="1" sc="0" sl="20" ec="1" el="24" bec="0" bev="0" fileid="5" xmlns:p8="xsi" />
            </Method>
          </Methods>
        </Class>
        <Class>
          <Summary numSequencePoints="125" visitedSequencePoints="0" numBranchPoints="6" visitedBranchPoints="0" sequenceCoverage="0" branchCoverage="0" maxCyclomaticComplexity="6" minCyclomaticComplexity="1" visitedClasses="0" numClasses="1" visitedMethods="0" numMethods="4" />
          <FullName>Staffinfo.Divers.Startup</FullName>
          <Methods>
            <Method cyclomaticComplexity="1" nPathComplexity="0" sequenceCoverage="0" branchCoverage="100" isConstructor="False" isGetter="True" isSetter="False" isStatic="True">
              <Summary numSequencePoints="1" visitedSequencePoints="0" numBranchPoints="0" visitedBranchPoints="0" sequenceCoverage="0" branchCoverage="100" maxCyclomaticComplexity="1" minCyclomaticComplexity="1" visitedClasses="0" numClasses="0" visitedMethods="0" numMethods="1" />
              <MetadataToken />
              <Name>Microsoft.Extensions.Configuration.IConfiguration Staffinfo.Divers.Startup::get_Configuration()</Name>
              <FileRef uid="6" />
              <SequencePoints>
                <SequencePoint vc="0" uspid="33" ordinal="0" sl="33" sc="1" el="33" ec="2" bec="0" bev="0" fileid="6" />
              </SequencePoints>
              <BranchPoints />
              <MethodPoint vc="0" uspid="0" p8:type="SequencePoint" ordinal="0" offset="0" sc="0" sl="33" ec="1" el="33" bec="0" bev="0" fileid="6" xmlns:p8="xsi" />
            </Method>
            <Method cyclomaticComplexity="1" nPathComplexity="0" sequenceCoverage="0" branchCoverage="100" isConstructor="False" isGetter="False" isSetter="False" isStatic="True">
              <Summary numSequencePoints="86" visitedSequencePoints="0" numBranchPoints="0" visitedBranchPoints="0" sequenceCoverage="0" branchCoverage="100" maxCyclomaticComplexity="1" minCyclomaticComplexity="1" visitedClasses="0" numClasses="0" visitedMethods="0" numMethods="1" />
              <MetadataToken />
              <Name>System.Void Staffinfo.Divers.Startup::ConfigureServices(Microsoft.Extensions.DependencyInjection.IServiceCollection)</Name>
              <FileRef uid="6" />
              <SequencePoints>
                <SequencePoint vc="0" uspid="37" ordinal="0" sl="37" sc="1" el="37" ec="2" bec="0" bev="0" fileid="6" />
                <SequencePoint vc="0" uspid="38" ordinal="1" sl="38" sc="1" el="38" ec="2" bec="0" bev="0" fileid="6" />
                <SequencePoint vc="0" uspid="40" ordinal="2" sl="40" sc="1" el="40" ec="2" bec="0" bev="0" fileid="6" />
                <SequencePoint vc="0" uspid="42" ordinal="3" sl="42" sc="1" el="42" ec="2" bec="0" bev="0" fileid="6" />
                <SequencePoint vc="0" uspid="43" ordinal="4" sl="43" sc="1" el="43" ec="2" bec="0" bev="0" fileid="6" />
                <SequencePoint vc="0" uspid="44" ordinal="5" sl="44" sc="1" el="44" ec="2" bec="0" bev="0" fileid="6" />
                <SequencePoint vc="0" uspid="45" ordinal="6" sl="45" sc="1" el="45" ec="2" bec="0" bev="0" fileid="6" />
                <SequencePoint vc="0" uspid="46" ordinal="7" sl="46" sc="1" el="46" ec="2" bec="0" bev="0" fileid="6" />
                <SequencePoint vc="0" uspid="47" ordinal="8" sl="47" sc="1" el="47" ec="2" bec="0" bev="0" fileid="6" />
                <SequencePoint vc="0" uspid="49" ordinal="9" sl="49" sc="1" el="49" ec="2" bec="0" bev="0" fileid="6" />
                <SequencePoint vc="0" uspid="51" ordinal="10" sl="51" sc="1" el="51" ec="2" bec="0" bev="0" fileid="6" />
                <SequencePoint vc="0" uspid="53" ordinal="11" sl="53" sc="1" el="53" ec="2" bec="0" bev="0" fileid="6" />
                <SequencePoint vc="0" uspid="54" ordinal="12" sl="54" sc="1" el="54" ec="2" bec="0" bev="0" fileid="6" />
                <SequencePoint vc="0" uspid="56" ordinal="13" sl="56" sc="1" el="56" ec="2" bec="0" bev="0" fileid="6" />
                <SequencePoint vc="0" uspid="57" ordinal="14" sl="57" sc="1" el="57" ec="2" bec="0" bev="0" fileid="6" />
                <SequencePoint vc="0" uspid="58" ordinal="15" sl="58" sc="1" el="58" ec="2" bec="0" bev="0" fileid="6" />
                <SequencePoint vc="0" uspid="59" ordinal="16" sl="59" sc="1" el="59" ec="2" bec="0" bev="0" fileid="6" />
                <SequencePoint vc="0" uspid="60" ordinal="17" sl="60" sc="1" el="60" ec="2" bec="0" bev="0" fileid="6" />
                <SequencePoint vc="0" uspid="61" ordinal="18" sl="61" sc="1" el="61" ec="2" bec="0" bev="0" fileid="6" />
                <SequencePoint vc="0" uspid="62" ordinal="19" sl="62" sc="1" el="62" ec="2" bec="0" bev="0" fileid="6" />
                <SequencePoint vc="0" uspid="63" ordinal="20" sl="63" sc="1" el="63" ec="2" bec="0" bev="0" fileid="6" />
                <SequencePoint vc="0" uspid="64" ordinal="21" sl="64" sc="1" el="64" ec="2" bec="0" bev="0" fileid="6" />
                <SequencePoint vc="0" uspid="65" ordinal="22" sl="65" sc="1" el="65" ec="2" bec="0" bev="0" fileid="6" />
                <SequencePoint vc="0" uspid="67" ordinal="23" sl="67" sc="1" el="67" ec="2" bec="0" bev="0" fileid="6" />
                <SequencePoint vc="0" uspid="68" ordinal="24" sl="68" sc="1" el="68" ec="2" bec="0" bev="0" fileid="6" />
                <SequencePoint vc="0" uspid="69" ordinal="25" sl="69" sc="1" el="69" ec="2" bec="0" bev="0" fileid="6" />
                <SequencePoint vc="0" uspid="70" ordinal="26" sl="70" sc="1" el="70" ec="2" bec="0" bev="0" fileid="6" />
                <SequencePoint vc="0" uspid="71" ordinal="27" sl="71" sc="1" el="71" ec="2" bec="0" bev="0" fileid="6" />
                <SequencePoint vc="0" uspid="72" ordinal="28" sl="72" sc="1" el="72" ec="2" bec="0" bev="0" fileid="6" />
                <SequencePoint vc="0" uspid="73" ordinal="29" sl="73" sc="1" el="73" ec="2" bec="0" bev="0" fileid="6" />
[...]
                <BranchPoint vc="0" uspid="26" ordinal="7" path="1" offset="2435" offsetend="2548" sl="26" fileid="56" />
                <BranchPoint vc="0" uspid="27" ordinal="8" path="0" offset="3103" offsetend="3105" sl="27" fileid="56" />
                <BranchPoint vc="0" uspid="27" ordinal="9" path="1" offset="3103" offsetend="3217" sl="27" fileid="56" />
                <BranchPoint vc="0" uspid="28" ordinal="10" path="0" offset="3697" offsetend="3699" sl="28" fileid="56" />
                <BranchPoint vc="0" uspid="28" ordinal="11" path="1" offset="3697" offsetend="3811" sl="28" fileid="56" />
              </BranchPoints>
              <MethodPoint vc="0" uspid="0" p8:type="SequencePoint" ordinal="0" offset="0" sc="0" sl="20" ec="1" el="28" bec="0" bev="0" fileid="56" xmlns:p8="xsi" />
            </Method>
          </Methods>
        </Class>
        <Class>
          <Summary numSequencePoints="5" visitedSequencePoints="0" numBranchPoints="2" visitedBranchPoints="0" sequenceCoverage="0" branchCoverage="0" maxCyclomaticComplexity="2" minCyclomaticComplexity="2" visitedClasses="0" numClasses="1" visitedMethods="0" numMethods="1" />
          <FullName>AspNetCore.Views_Shared_Error/&lt;ExecuteAsync&gt;d__0</FullName>
          <Methods>
            <Method cyclomaticComplexity="2" nPathComplexity="0" sequenceCoverage="0" branchCoverage="0" isConstructor="False" isGetter="False" isSetter="False" isStatic="True">
              <Summary numSequencePoints="5" visitedSequencePoints="0" numBranchPoints="2" visitedBranchPoints="0" sequenceCoverage="0" branchCoverage="0" maxCyclomaticComplexity="2" minCyclomaticComplexity="2" visitedClasses="0" numClasses="0" visitedMethods="0" numMethods="1" />
              <MetadataToken />
              <Name>System.Void AspNetCore.Views_Shared_Error/&lt;ExecuteAsync&gt;d__0::MoveNext()</Name>
              <FileRef uid="57" />
              <SequencePoints>
                <SequencePoint vc="0" uspid="3" ordinal="0" sl="3" sc="1" el="3" ec="2" bec="0" bev="0" fileid="57" />
                <SequencePoint vc="0" uspid="9" ordinal="1" sl="9" sc="1" el="9" ec="2" bec="2" bev="0" fileid="57" />
                <SequencePoint vc="0" uspid="10" ordinal="2" sl="10" sc="1" el="10" ec="2" bec="0" bev="0" fileid="57" />
                <SequencePoint vc="0" uspid="12" ordinal="3" sl="12" sc="1" el="12" ec="2" bec="0" bev="0" fileid="57" />
                <SequencePoint vc="0" uspid="14" ordinal="4" sl="14" sc="1" el="14" ec="2" bec="0" bev="0" fileid="57" />
              </SequencePoints>
              <BranchPoints>
                <BranchPoint vc="0" uspid="9" ordinal="0" path="0" offset="70" offsetend="72" sl="9" fileid="57" />
                <BranchPoint vc="0" uspid="9" ordinal="1" path="1" offset="70" offsetend="136" sl="9" fileid="57" />
              </BranchPoints>
              <MethodPoint vc="0" uspid="0" p8:type="SequencePoint" ordinal="0" offset="0" sc="0" sl="3" ec="1" el="14" bec="0" bev="0" fileid="57" xmlns:p8="xsi" />
            </Method>
          </Methods>
        </Class>
        <Class>
          <Summary numSequencePoints="1" visitedSequencePoints="0" numBranchPoints="8" visitedBranchPoints="0" sequenceCoverage="0" branchCoverage="0" maxCyclomaticComplexity="8" minCyclomaticComplexity="8" visitedClasses="0" numClasses="1" visitedMethods="0" numMethods="1" />
          <FullName>AspNetCore.Views_Shared__Layout/&lt;&lt;ExecuteAsync&gt;b__38_0&gt;d</FullName>
          <Methods>
            <Method cyclomaticComplexity="8" nPathComplexity="0" sequenceCoverage="0" branchCoverage="0" isConstructor="False" isGetter="False" isSetter="False" isStatic="True">
              <Summary numSequencePoints="1" visitedSequencePoints="0" numBranchPoints="8" visitedBranchPoints="0" sequenceCoverage="0" branchCoverage="0" maxCyclomaticComplexity="8" minCyclomaticComplexity="8" visitedClasses="0" numClasses="0" visitedMethods="0" numMethods="1" />
              <MetadataToken />
              <Name>System.Void AspNetCore.Views_Shared__Layout/&lt;&lt;ExecuteAsync&gt;b__38_0&gt;d::MoveNext()</Name>
              <FileRef uid="58" />
              <SequencePoints>
                <SequencePoint vc="0" uspid="6" ordinal="0" sl="6" sc="1" el="6" ec="2" bec="8" bev="0" fileid="58" />
              </SequencePoints>
              <BranchPoints>
                <BranchPoint vc="0" uspid="6" ordinal="0" path="0" offset="461" offsetend="463" sl="6" fileid="58" />
                <BranchPoint vc="0" uspid="6" ordinal="1" path="1" offset="461" offsetend="574" sl="6" fileid="58" />
                <BranchPoint vc="0" uspid="6" ordinal="2" path="0" offset="974" offsetend="976" sl="6" fileid="58" />
                <BranchPoint vc="0" uspid="6" ordinal="3" path="1" offset="974" offsetend="1087" sl="6" fileid="58" />
                <BranchPoint vc="0" uspid="6" ordinal="4" path="0" offset="1470" offsetend="1472" sl="6" fileid="58" />
                <BranchPoint vc="0" uspid="6" ordinal="5" path="1" offset="1470" offsetend="1583" sl="6" fileid="58" />
                <BranchPoint vc="0" uspid="6" ordinal="6" path="0" offset="1944" offsetend="1946" sl="6" fileid="58" />
                <BranchPoint vc="0" uspid="6" ordinal="7" path="1" offset="1944" offsetend="2057" sl="6" fileid="58" />
              </BranchPoints>
              <MethodPoint vc="0" uspid="0" p8:type="SequencePoint" ordinal="0" offset="0" sc="0" sl="6" ec="1" el="6" bec="0" bev="0" fileid="58" xmlns:p8="xsi" />
            </Method>
          </Methods>
        </Class>
        <Class>
          <Summary numSequencePoints="10" visitedSequencePoints="0" numBranchPoints="30" visitedBranchPoints="0" sequenceCoverage="0" branchCoverage="0" maxCyclomaticComplexity="30" minCyclomaticComplexity="30" visitedClasses="0" numClasses="1" visitedMethods="0" numMethods="1" />
          <FullName>AspNetCore.Views_Shared__Layout/&lt;&lt;ExecuteAsync&gt;b__38_1&gt;d</FullName>
          <Methods>
            <Method cyclomaticComplexity="30" nPathComplexity="0" sequenceCoverage="0" branchCoverage="0" isConstructor="False" isGetter="False" isSetter="False" isStatic="True">
              <Summary numSequencePoints="10" visitedSequencePoints="0" numBranchPoints="30" visitedBranchPoints="0" sequenceCoverage="0" branchCoverage="0" maxCyclomaticComplexity="30" minCyclomaticComplexity="30" visitedClasses="0" numClasses="0" visitedMethods="0" numMethods="1" />
              <MetadataToken />
              <Name>System.Void AspNetCore.Views_Shared__Layout/&lt;&lt;ExecuteAsync&gt;b__38_1&gt;d::MoveNext()</Name>
              <FileRef uid="58" />
              <SequencePoints>
                <SequencePoint vc="0" uspid="28" ordinal="0" sl="28" sc="1" el="28" ec="2" bec="2" bev="0" fileid="58" />
                <SequencePoint vc="0" uspid="29" ordinal="1" sl="29" sc="1" el="29" ec="2" bec="8" bev="0" fileid="58" />
                <SequencePoint vc="0" uspid="49" ordinal="2" sl="49" sc="1" el="49" ec="2" bec="0" bev="0" fileid="58" />
                <SequencePoint vc="0" uspid="51" ordinal="3" sl="51" sc="1" el="51" ec="2" bec="2" bev="0" fileid="58" />
                <SequencePoint vc="0" uspid="57" ordinal="4" sl="57" sc="1" el="57" ec="2" bec="2" bev="0" fileid="58" />
                <SequencePoint vc="0" uspid="112" ordinal="5" sl="112" sc="1" el="112" ec="2" bec="10" bev="0" fileid="58" />
                <SequencePoint vc="0" uspid="129" ordinal="6" sl="129" sc="1" el="129" ec="2" bec="2" bev="0" fileid="58" />
                <SequencePoint vc="0" uspid="130" ordinal="7" sl="130" sc="1" el="130" ec="2" bec="2" bev="0" fileid="58" />
                <SequencePoint vc="0" uspid="131" ordinal="8" sl="131" sc="1" el="131" ec="2" bec="0" bev="0" fileid="58" />
                <SequencePoint vc="0" uspid="132" ordinal="9" sl="132" sc="1" el="132" ec="2" bec="2" bev="0" fileid="58" />
              </SequencePoints>
              <BranchPoints>
                <BranchPoint vc="0" uspid="28" ordinal="0" path="0" offset="311" offsetend="316" sl="28" fileid="58" />
                <BranchPoint vc="0" uspid="29" ordinal="2" path="0" offset="768" offsetend="770" sl="29" fileid="58" />
                <BranchPoint vc="0" uspid="29" ordinal="3" path="1" offset="768" offsetend="881" sl="29" fileid="58" />
                <BranchPoint vc="0" uspid="29" ordinal="4" path="0" offset="1390" offsetend="1392" sl="29" fileid="58" />
                <BranchPoint vc="0" uspid="29" ordinal="5" path="1" offset="1390" offsetend="1503" sl="29" fileid="58" />
                <BranchPoint vc="0" uspid="29" ordinal="6" path="0" offset="2012" offsetend="2014" sl="29" fileid="58" />
                <BranchPoint vc="0" uspid="29" ordinal="7" path="1" offset="2012" offsetend="2125" sl="29" fileid="58" />
                <BranchPoint vc="0" uspid="29" ordinal="8" path="0" offset="2651" offsetend="2653" sl="29" fileid="58" />
                <BranchPoint vc="0" uspid="29" ordinal="9" path="1" offset="2651" offsetend="2764" sl="29" fileid="58" />
                <BranchPoint vc="0" uspid="28" ordinal="1" path="1" offset="311" offsetend="2842" sl="28" fileid="58" />
                <BranchPoint vc="0" uspid="51" ordinal="10" path="0" offset="3171" offsetend="3173" sl="51" fileid="58" />
                <BranchPoint vc="0" uspid="51" ordinal="11" path="1" offset="3171" offsetend="3285" sl="51" fileid="58" />
                <BranchPoint vc="0" uspid="57" ordinal="12" path="0" offset="3709" offsetend="3711" sl="57" fileid="58" />
                <BranchPoint vc="0" uspid="57" ordinal="13" path="1" offset="3709" offsetend="3823" sl="57" fileid="58" />
                <BranchPoint vc="0" uspid="112" ordinal="14" path="0" offset="4402" offsetend="4404" sl="112" fileid="58" />
                <BranchPoint vc="0" uspid="112" ordinal="15" path="1" offset="4402" offsetend="4516" sl="112" fileid="58" />
                <BranchPoint vc="0" uspid="112" ordinal="16" path="0" offset="4878" offsetend="4880" sl="112" fileid="58" />
                <BranchPoint vc="0" uspid="112" ordinal="17" path="1" offset="4878" offsetend="4992" sl="112" fileid="58" />
                <BranchPoint vc="0" uspid="112" ordinal="18" path="0" offset="5354" offsetend="5356" sl="112" fileid="58" />
                <BranchPoint vc="0" uspid="112" ordinal="19" path="1" offset="5354" offsetend="5468" sl="112" fileid="58" />
                <BranchPoint vc="0" uspid="112" ordinal="20" path="0" offset="5830" offsetend="5832" sl="112" fileid="58" />
                <BranchPoint vc="0" uspid="112" ordinal="21" path="1" offset="5830" offsetend="5944" sl="112" fileid="58" />
                <BranchPoint vc="0" uspid="112" ordinal="22" path="0" offset="6306" offsetend="6308" sl="112" fileid="58" />
                <BranchPoint vc="0" uspid="112" ordinal="23" path="1" offset="6306" offsetend="6420" sl="112" fileid="58" />
                <BranchPoint vc="0" uspid="129" ordinal="24" path="0" offset="6931" offsetend="6933" sl="129" fileid="58" />
                <BranchPoint vc="0" uspid="129" ordinal="25" path="1" offset="6931" offsetend="7045" sl="129" fileid="58" />
                <BranchPoint vc="0" uspid="130" ordinal="26" path="0" offset="7556" offsetend="7558" sl="130" fileid="58" />
                <BranchPoint vc="0" uspid="130" ordinal="27" path="1" offset="7556" offsetend="7670" sl="130" fileid="58" />
                <BranchPoint vc="0" uspid="132" ordinal="28" path="0" offset="8096" offsetend="8098" sl="132" fileid="58" />
                <BranchPoint vc="0" uspid="132" ordinal="29" path="1" offset="8096" offsetend="8210" sl="132" fileid="58" />
              </BranchPoints>
              <MethodPoint vc="0" uspid="0" p8:type="SequencePoint" ordinal="0" offset="0" sc="0" sl="28" ec="1" el="132" bec="0" bev="0" fileid="58" xmlns:p8="xsi" />
            </Method>
          </Methods>
        </Class>
        <Class>
          <Summary numSequencePoints="3" visitedSequencePoints="0" numBranchPoints="2" visitedBranchPoints="0" sequenceCoverage="0" branchCoverage="0" maxCyclomaticComplexity="2" minCyclomaticComplexity="2" visitedClasses="0" numClasses="1" visitedMethods="0" numMethods="1" />
          <FullName>AspNetCore.Views_Stations_Edit/&lt;ExecuteAsync&gt;d__17</FullName>
          <Methods>
            <Method cyclomaticComplexity="2" nPathComplexity="0" sequenceCoverage="0" branchCoverage="0" isConstructor="False" isGetter="False" isSetter="False" isStatic="True">
              <Summary numSequencePoints="3" visitedSequencePoints="0" numBranchPoints="2" visitedBranchPoints="0" sequenceCoverage="0" branchCoverage="0" maxCyclomaticComplexity="2" minCyclomaticComplexity="2" visitedClasses="0" numClasses="0" visitedMethods="0" numMethods="1" />
              <MetadataToken />
              <Name>System.Void AspNetCore.Views_Stations_Edit/&lt;ExecuteAsync&gt;d__17::MoveNext()</Name>
              <FileRef uid="59" />
              <SequencePoints>
                <SequencePoint vc="0" uspid="3" ordinal="0" sl="3" sc="1" el="3" ec="2" bec="0" bev="0" fileid="59" />
                <SequencePoint vc="0" uspid="6" ordinal="1" sl="6" sc="1" el="6" ec="2" bec="0" bev="0" fileid="59" />
                <SequencePoint vc="0" uspid="10" ordinal="2" sl="10" sc="1" el="10" ec="2" bec="2" bev="0" fileid="59" />
              </SequencePoints>
              <BranchPoints>
                <BranchPoint vc="0" uspid="10" ordinal="0" path="0" offset="653" offsetend="655" sl="10" fileid="59" />
                <BranchPoint vc="0" uspid="10" ordinal="1" path="1" offset="653" offsetend="766" sl="10" fileid="59" />
              </BranchPoints>
              <MethodPoint vc="0" uspid="0" p8:type="SequencePoint" ordinal="0" offset="0" sc="0" sl="3" ec="1" el="10" bec="0" bev="0" fileid="59" xmlns:p8="xsi" />
            </Method>
          </Methods>
        </Class>
        <Class>
          <Summary numSequencePoints="4" visitedSequencePoints="0" numBranchPoints="8" visitedBranchPoints="0" sequenceCoverage="0" branchCoverage="0" maxCyclomaticComplexity="8" minCyclomaticComplexity="8" visitedClasses="0" numClasses="1" visitedMethods="0" numMethods="1" />
          <FullName>AspNetCore.Views_Stations_Edit/&lt;&lt;ExecuteAsync&gt;b__17_0&gt;d</FullName>
          <Methods>
            <Method cyclomaticComplexity="8" nPathComplexity="0" sequenceCoverage="0" branchCoverage="0" isConstructor="False" isGetter="False" isSetter="False" isStatic="True">
              <Summary numSequencePoints="4" visitedSequencePoints="0" numBranchPoints="8" visitedBranchPoints="0" sequenceCoverage="0" branchCoverage="0" maxCyclomaticComplexity="8" minCyclomaticComplexity="8" visitedClasses="0" numClasses="0" visitedMethods="0" numMethods="1" />
              <MetadataToken />
              <Name>System.Void AspNetCore.Views_Stations_Edit/&lt;&lt;ExecuteAsync&gt;b__17_0&gt;d::MoveNext()</Name>
              <FileRef uid="59" />
              <SequencePoints>
                <SequencePoint vc="0" uspid="12" ordinal="0" sl="12" sc="1" el="12" ec="2" bec="2" bev="0" fileid="59" />
                <SequencePoint vc="0" uspid="13" ordinal="1" sl="13" sc="1" el="13" ec="2" bec="2" bev="0" fileid="59" />
                <SequencePoint vc="0" uspid="14" ordinal="2" sl="14" sc="1" el="14" ec="2" bec="2" bev="0" fileid="59" />
                <SequencePoint vc="0" uspid="16" ordinal="3" sl="16" sc="1" el="16" ec="2" bec="2" bev="0" fileid="59" />
              </SequencePoints>
              <BranchPoints>
                <BranchPoint vc="0" uspid="12" ordinal="0" path="0" offset="517" offsetend="519" sl="12" fileid="59" />
                <BranchPoint vc="0" uspid="12" ordinal="1" path="1" offset="517" offsetend="630" sl="12" fileid="59" />
                <BranchPoint vc="0" uspid="13" ordinal="2" path="0" offset="1185" offsetend="1187" sl="13" fileid="59" />
                <BranchPoint vc="0" uspid="13" ordinal="3" path="1" offset="1185" offsetend="1298" sl="13" fileid="59" />
                <BranchPoint vc="0" uspid="14" ordinal="4" path="0" offset="1777" offsetend="1779" sl="14" fileid="59" />
                <BranchPoint vc="0" uspid="14" ordinal="5" path="1" offset="1777" offsetend="1890" sl="14" fileid="59" />
                <BranchPoint vc="0" uspid="16" ordinal="6" path="0" offset="2423" offsetend="2425" sl="16" fileid="59" />
                <BranchPoint vc="0" uspid="16" ordinal="7" path="1" offset="2423" offsetend="2536" sl="16" fileid="59" />
              </BranchPoints>
              <MethodPoint vc="0" uspid="0" p8:type="SequencePoint" ordinal="0" offset="0" sc="0" sl="12" ec="1" el="16" bec="0" bev="0" fileid="59" xmlns:p8="xsi" />
            </Method>
          </Methods>
        </Class>
        <Class>
          <Summary numSequencePoints="2" visitedSequencePoints="0" numBranchPoints="0" visitedBranchPoints="0" sequenceCoverage="0" branchCoverage="100" maxCyclomaticComplexity="1" minCyclomaticComplexity="1" visitedClasses="0" numClasses="1" visitedMethods="0" numMethods="1" />
          <FullName>AspNetCore.Views_Stations_Index/&lt;ExecuteAsync&gt;d__0</FullName>
          <Methods>
            <Method cyclomaticComplexity="1" nPathComplexity="0" sequenceCoverage="0" branchCoverage="100" isConstructor="False" isGetter="False" isSetter="False" isStatic="True">
              <Summary numSequencePoints="2" visitedSequencePoints="0" numBranchPoints="0" visitedBranchPoints="0" sequenceCoverage="0" branchCoverage="100" maxCyclomaticComplexity="1" minCyclomaticComplexity="1" visitedClasses="0" numClasses="0" visitedMethods="0" numMethods="1" />
              <MetadataToken />
              <Name>System.Void AspNetCore.Views_Stations_Index/&lt;ExecuteAsync&gt;d__0::MoveNext()</Name>
              <FileRef uid="60" />
              <SequencePoints>
                <SequencePoint vc="0" uspid="3" ordinal="0" sl="3" sc="1" el="3" ec="2" bec="0" bev="0" fileid="60" />
                <SequencePoint vc="0" uspid="4" ordinal="1" sl="4" sc="1" el="4" ec="2" bec="0" bev="0" fileid="60" />
              </SequencePoints>
              <BranchPoints />
              <MethodPoint vc="0" uspid="0" p8:type="SequencePoint" ordinal="0" offset="0" sc="0" sl="3" ec="1" el="4" bec="0" bev="0" fileid="60" xmlns:p8="xsi" />
            </Method>
          </Methods>
        </Class>
        <Class>
          <Summary numSequencePoints="1" visitedSequencePoints="0" numBranchPoints="0" visitedBranchPoints="0" sequenceCoverage="0" branchCoverage="100" maxCyclomaticComplexity="1" minCyclomaticComplexity="1" visitedClasses="0" numClasses="1" visitedMethods="0" numMethods="1" />
          <FullName>AspNetCore.Views__ViewStart/&lt;ExecuteAsync&gt;d__0</FullName>
          <Methods>
            <Method cyclomaticComplexity="1" nPathComplexity="0" sequenceCoverage="0" branchCoverage="100" isConstructor="False" isGetter="False" isSetter="False" isStatic="True">
              <Summary numSequencePoints="1" visitedSequencePoints="0" numBranchPoints="0" visitedBranchPoints="0" sequenceCoverage="0" branchCoverage="100" maxCyclomaticComplexity="1" minCyclomaticComplexity="1" visitedClasses="0" numClasses="0" visitedMethods="0" numMethods="1" />
              <MetadataToken />
              <Name>System.Void AspNetCore.Views__ViewStart/&lt;ExecuteAsync&gt;d__0::MoveNext()</Name>
              <FileRef uid="61" />
              <SequencePoints>
                <SequencePoint vc="0" uspid="2" ordinal="0" sl="2" sc="1" el="2" ec="2" bec="0" bev="0" fileid="61" />
              </SequencePoints>
              <BranchPoints />
              <MethodPoint vc="0" uspid="0" p8:type="SequencePoint" ordinal="0" offset="0" sc="0" sl="2" ec="1" el="2" bec="0" bev="0" fileid="61" xmlns:p8="xsi" />
            </Method>
          </Methods>
        </Class>
      </Classes>
    </Module>
  </Modules>
</CoverageSession>